#
# There is insufficient memory for the Java Runtime Environment to continue.
# Native memory allocation (malloc) failed to allocate 2009936 bytes for Chunk::new
# Possible reasons:
#   The system is out of physical RAM or swap space
#   The process is running with CompressedOops enabled, and the Java Heap may be blocking the growth of the native heap
# Possible solutions:
#   Reduce memory load on the system
#   Increase physical memory or swap space
#   Check if swap backing store is full
#   Decrease Java heap size (-Xmx/-Xms)
#   Decrease number of Java threads
#   Decrease Java thread stack sizes (-Xss)
#   Set larger code cache with -XX:ReservedCodeCacheSize=
#   JVM is running with Unscaled Compressed Oops mode in which the Java heap is
#     placed in the first 4GB address space. The Java Heap base address is the
#     maximum limit for the native heap growth. Please use -XX:HeapBaseMinAddress
#     to set the Java Heap base and to place the Java Heap above 4GB virtual address.
# This output file may be truncated or incomplete.
#
#  Out of Memory Error (./src/hotspot/share/memory/arena.cpp:197), pid=6560, tid=9012
#
# JRE version: OpenJDK Runtime Environment (11.0.10) (build 11.0.10+0-b96-7249189)
# Java VM: OpenJDK 64-Bit Server VM (11.0.10+0-b96-7249189, mixed mode, tiered, compressed oops, g1 gc, windows-amd64)
# No core dump will be written. Minidumps are not enabled by default on client versions of Windows
#

---------------  S U M M A R Y ------------

Command Line: --add-opens=java.base/java.util=ALL-UNNAMED --add-opens=java.base/java.lang=ALL-UNNAMED --add-opens=java.base/java.lang.invoke=ALL-UNNAMED --add-opens=java.base/java.util=ALL-UNNAMED --add-opens=java.prefs/java.util.prefs=ALL-UNNAMED --add-opens=java.prefs/java.util.prefs=ALL-UNNAMED --add-opens=java.base/java.nio.charset=ALL-UNNAMED --add-opens=java.base/java.net=ALL-UNNAMED --add-opens=java.base/java.util.concurrent.atomic=ALL-UNNAMED -Xmx2048m -Dfile.encoding=UTF-8 -Duser.country=BR -Duser.language=pt -Duser.variant org.gradle.launcher.daemon.bootstrap.GradleDaemon 7.0.2

Host: Intel(R) Core(TM) i5-6200U CPU @ 2.30GHz, 4 cores, 7G,  Windows 10 , 64 bit Build 19041 (10.0.19041.1202)
Time: Fri Nov 12 15:10:21 2021 Hora oficial do Brasil elapsed time: 52.303947 seconds (0d 0h 0m 52s)

---------------  T H R E A D  ---------------

Current thread (0x0000019e91510000):  JavaThread "C2 CompilerThread0" daemon [_thread_in_native, id=9012, stack(0x0000004c01f00000,0x0000004c02000000)]


Current CompileTask:
C2:  52304 14415 %     4       com.android.tools.r8.ir.regalloc.a::a @ 1578 (3985 bytes)

Stack: [0x0000004c01f00000,0x0000004c02000000]
Native frames: (J=compiled Java code, j=interpreted, Vv=VM code, C=native code)
V  [jvm.dll+0x5ecfaa]
V  [jvm.dll+0x722bd5]
V  [jvm.dll+0x72412d]
V  [jvm.dll+0x7247e3]
V  [jvm.dll+0x242928]
V  [jvm.dll+0xbc4fc]
V  [jvm.dll+0xbca0c]
V  [jvm.dll+0x352d7d]
V  [jvm.dll+0x19800c]
V  [jvm.dll+0x1fb70e]
V  [jvm.dll+0x1fa7f4]
V  [jvm.dll+0x18354c]
V  [jvm.dll+0x208ee7]
V  [jvm.dll+0x207731]
V  [jvm.dll+0x6eb1cf]
V  [jvm.dll+0x6e3d45]
V  [jvm.dll+0x5ebe96]
C  [ucrtbase.dll+0x21bb2]
C  [KERNEL32.DLL+0x17034]
C  [ntdll.dll+0x52651]


---------------  P R O C E S S  ---------------

Threads class SMR info:
_java_thread_list=0x0000019e9951aa20, length=51, elements={
0x0000019ef783c000, 0x0000019e914ed000, 0x0000019e914f1000, 0x0000019e91507000,
0x0000019e9150a000, 0x0000019e9150c800, 0x0000019e91510000, 0x0000019e91515000,
0x0000019e9151b800, 0x0000019e91fe0800, 0x0000019e933dc000, 0x0000019e92114000,
0x0000019e95959000, 0x0000019e92fb8800, 0x0000019e937c2000, 0x0000019e9526d800,
0x0000019e93ef4800, 0x0000019e9444d000, 0x0000019e9303a000, 0x0000019e93e8d800,
0x0000019e93e8b000, 0x0000019e93e8c000, 0x0000019e93e8c800, 0x0000019e93e90000,
0x0000019e93e8e800, 0x0000019e93e8a800, 0x0000019e93e8f000, 0x0000019e93e91000,
0x0000019e9557f800, 0x0000019e95580800, 0x0000019e9557b800, 0x0000019e9557f000,
0x0000019e95581800, 0x0000019e9557c800, 0x0000019e95583000, 0x0000019e9557d000,
0x0000019e95583800, 0x0000019e9557e000, 0x0000019e95587000, 0x0000019e95585800,
0x0000019e95588800, 0x0000019e95588000, 0x0000019e95584800, 0x0000019e95586000,
0x0000019e983ff000, 0x0000019e98401000, 0x0000019e98400000, 0x0000019e983fb000,
0x0000019e98401800, 0x0000019e983fc000, 0x0000019e98402800
}

Java Threads: ( => current thread )
  0x0000019ef783c000 JavaThread "main" [_thread_blocked, id=10396, stack(0x0000004c01300000,0x0000004c01400000)]
  0x0000019e914ed000 JavaThread "Reference Handler" daemon [_thread_blocked, id=11548, stack(0x0000004c01a00000,0x0000004c01b00000)]
  0x0000019e914f1000 JavaThread "Finalizer" daemon [_thread_blocked, id=5084, stack(0x0000004c01b00000,0x0000004c01c00000)]
  0x0000019e91507000 JavaThread "Signal Dispatcher" daemon [_thread_blocked, id=10984, stack(0x0000004c01c00000,0x0000004c01d00000)]
  0x0000019e9150a000 JavaThread "Attach Listener" daemon [_thread_blocked, id=5820, stack(0x0000004c01d00000,0x0000004c01e00000)]
  0x0000019e9150c800 JavaThread "Service Thread" daemon [_thread_blocked, id=1636, stack(0x0000004c01e00000,0x0000004c01f00000)]
=>0x0000019e91510000 JavaThread "C2 CompilerThread0" daemon [_thread_in_native, id=9012, stack(0x0000004c01f00000,0x0000004c02000000)]
  0x0000019e91515000 JavaThread "C1 CompilerThread0" daemon [_thread_blocked, id=724, stack(0x0000004c02000000,0x0000004c02100000)]
  0x0000019e9151b800 JavaThread "Sweeper thread" daemon [_thread_blocked, id=11144, stack(0x0000004c02100000,0x0000004c02200000)]
  0x0000019e91fe0800 JavaThread "Common-Cleaner" daemon [_thread_blocked, id=11408, stack(0x0000004c02200000,0x0000004c02300000)]
  0x0000019e933dc000 JavaThread "Daemon health stats" [_thread_blocked, id=6776, stack(0x0000004c02700000,0x0000004c02800000)]
  0x0000019e92114000 JavaThread "Incoming local TCP Connector on port 50840" [_thread_in_native, id=9428, stack(0x0000004c02400000,0x0000004c02500000)]
  0x0000019e95959000 JavaThread "Daemon periodic checks" [_thread_blocked, id=2656, stack(0x0000004c02800000,0x0000004c02900000)]
  0x0000019e92fb8800 JavaThread "Daemon" [_thread_blocked, id=1480, stack(0x0000004c02900000,0x0000004c02a00000)]
  0x0000019e937c2000 JavaThread "Handler for socket connection from /127.0.0.1:50840 to /127.0.0.1:50841" [_thread_in_native, id=6864, stack(0x0000004c02a00000,0x0000004c02b00000)]
  0x0000019e9526d800 JavaThread "Cancel handler" [_thread_blocked, id=8860, stack(0x0000004c02b00000,0x0000004c02c00000)]
  0x0000019e93ef4800 JavaThread "Daemon worker" [_thread_blocked, id=9704, stack(0x0000004c02c00000,0x0000004c02d00000)]
  0x0000019e9444d000 JavaThread "Asynchronous log dispatcher for DefaultDaemonConnection: socket connection from /127.0.0.1:50840 to /127.0.0.1:50841" [_thread_blocked, id=10768, stack(0x0000004c02d00000,0x0000004c02e00000)]
  0x0000019e9303a000 JavaThread "Stdin handler" [_thread_blocked, id=11684, stack(0x0000004c02e00000,0x0000004c02f00000)]
  0x0000019e93e8d800 JavaThread "Daemon client event forwarder" [_thread_blocked, id=4524, stack(0x0000004c02f00000,0x0000004c03000000)]
  0x0000019e93e8b000 JavaThread "Cache worker for file hash cache (C:\Users\usuario\.gradle\caches\7.0.2\fileHashes)" [_thread_blocked, id=8736, stack(0x0000004c03100000,0x0000004c03200000)]
  0x0000019e93e8c000 JavaThread "File lock request listener" [_thread_in_native, id=12640, stack(0x0000004c03200000,0x0000004c03300000)]
  0x0000019e93e8c800 JavaThread "Cache worker for journal cache (C:\Users\usuario\.gradle\caches\journal-1)" [_thread_blocked, id=776, stack(0x0000004c03300000,0x0000004c03400000)]
  0x0000019e93e90000 JavaThread "Cache worker for file hash cache (C:\Users\usuario\AndroidStudioProjects\HappyBirthday2\.gradle\7.0.2\fileHashes)" [_thread_blocked, id=5136, stack(0x0000004c03400000,0x0000004c03500000)]
  0x0000019e93e8e800 JavaThread "File watcher server" daemon [_thread_in_native, id=8908, stack(0x0000004c03500000,0x0000004c03600000)]
  0x0000019e93e8a800 JavaThread "File watcher consumer" daemon [_thread_blocked, id=4160, stack(0x0000004c03600000,0x0000004c03700000)]
  0x0000019e93e8f000 JavaThread "Cache worker for checksums cache (C:\Users\usuario\AndroidStudioProjects\HappyBirthday2\.gradle\checksums)" [_thread_blocked, id=5192, stack(0x0000004c03700000,0x0000004c03800000)]
  0x0000019e93e91000 JavaThread "Cache worker for cache directory md-supplier (C:\Users\usuario\.gradle\caches\7.0.2\md-supplier)" [_thread_blocked, id=8152, stack(0x0000004c03800000,0x0000004c03900000)]
  0x0000019e9557f800 JavaThread "Cache worker for cache directory md-rule (C:\Users\usuario\.gradle\caches\7.0.2\md-rule)" [_thread_blocked, id=9520, stack(0x0000004c03900000,0x0000004c03a00000)]
  0x0000019e95580800 JavaThread "Cache worker for execution history cache (C:\Users\usuario\.gradle\caches\7.0.2\executionHistory)" [_thread_blocked, id=12456, stack(0x0000004c03a00000,0x0000004c03b00000)]
  0x0000019e9557b800 JavaThread "jar transforms" [_thread_blocked, id=3960, stack(0x0000004c03b00000,0x0000004c03c00000)]
  0x0000019e9557f000 JavaThread "jar transforms Thread 2" [_thread_blocked, id=3980, stack(0x0000004c03c00000,0x0000004c03d00000)]
  0x0000019e95581800 JavaThread "Cache worker for file content cache (C:\Users\usuario\.gradle\caches\7.0.2\fileContent)" [_thread_blocked, id=9304, stack(0x0000004c03d00000,0x0000004c03e00000)]
  0x0000019e9557c800 JavaThread "Cache worker for dependencies-accessors (C:\Users\usuario\AndroidStudioProjects\HappyBirthday2\.gradle\7.0.2\dependencies-accessors)" [_thread_blocked, id=7268, stack(0x0000004c03e00000,0x0000004c03f00000)]
  0x0000019e95583000 JavaThread "jar transforms Thread 3" [_thread_blocked, id=10224, stack(0x0000004c03f00000,0x0000004c04000000)]
  0x0000019e9557d000 JavaThread "Cache worker for Build Output Cleanup Cache (C:\Users\usuario\AndroidStudioProjects\HappyBirthday2\.gradle\buildOutputCleanup)" [_thread_blocked, id=7660, stack(0x0000004c04100000,0x0000004c04200000)]
  0x0000019e95583800 JavaThread "Build operations" [_thread_in_Java, id=2856, stack(0x0000004c04200000,0x0000004c04300000)]
  0x0000019e9557e000 JavaThread "Build operations Thread 2" [_thread_in_Java, id=12796, stack(0x0000004c04300000,0x0000004c04400000)]
  0x0000019e95587000 JavaThread "Build operations Thread 3" [_thread_in_Java, id=8716, stack(0x0000004c04400000,0x0000004c04500000)]
  0x0000019e95585800 JavaThread "Build operations Thread 4" [_thread_in_Java, id=13300, stack(0x0000004c04500000,0x0000004c04600000)]
  0x0000019e95588800 JavaThread "jar transforms Thread 4" [_thread_blocked, id=9240, stack(0x0000004c04600000,0x0000004c04700000)]
  0x0000019e95588000 JavaThread "Memory manager" [_thread_blocked, id=4772, stack(0x0000004c04700000,0x0000004c04800000)]
  0x0000019e95584800 JavaThread "build event listener" [_thread_blocked, id=13176, stack(0x0000004c04000000,0x0000004c04100000)]
  0x0000019e95586000 JavaThread "pool-3-thread-1" [_thread_blocked, id=8544, stack(0x0000004c04800000,0x0000004c04900000)]
  0x0000019e983ff000 JavaThread "build event listener" [_thread_blocked, id=11308, stack(0x0000004c04900000,0x0000004c04a00000)]
  0x0000019e98401000 JavaThread "Execution worker for ':'" [_thread_blocked, id=908, stack(0x0000004c04a00000,0x0000004c04b00000)]
  0x0000019e98400000 JavaThread "Execution worker for ':' Thread 2" [_thread_blocked, id=6452, stack(0x0000004c04b00000,0x0000004c04c00000)]
  0x0000019e983fb000 JavaThread "Execution worker for ':' Thread 3" [_thread_blocked, id=3900, stack(0x0000004c04c00000,0x0000004c04d00000)]
  0x0000019e98401800 JavaThread "Cache worker for execution history cache (C:\Users\usuario\AndroidStudioProjects\HappyBirthday2\.gradle\7.0.2\executionHistory)" [_thread_blocked, id=2940, stack(0x0000004c04d00000,0x0000004c04e00000)]
  0x0000019e983fc000 JavaThread "WorkerExecutor Queue" [_thread_blocked, id=1104, stack(0x0000004c05000000,0x0000004c05100000)]
  0x0000019e98402800 JavaThread "WorkerExecutor Queue Thread 2" [_thread_blocked, id=5932, stack(0x0000004c05200000,0x0000004c05300000)]

Other Threads:
  0x0000019e914e8000 VMThread "VM Thread" [stack: 0x0000004c01900000,0x0000004c01a00000] [id=364]
  0x0000019e91fed800 WatcherThread [stack: 0x0000004c02300000,0x0000004c02400000] [id=2864]
  0x0000019ef7855800 GCTaskThread "GC Thread#0" [stack: 0x0000004c01400000,0x0000004c01500000] [id=8504]
  0x0000019e927ae000 GCTaskThread "GC Thread#1" [stack: 0x0000004c02500000,0x0000004c02600000] [id=7472]
  0x0000019e927af000 GCTaskThread "GC Thread#2" [stack: 0x0000004c02600000,0x0000004c02700000] [id=5532]
  0x0000019e9444c800 GCTaskThread "GC Thread#3" [stack: 0x0000004c03000000,0x0000004c03100000] [id=12996]
  0x0000019ef7885000 ConcurrentGCThread "G1 Main Marker" [stack: 0x0000004c01500000,0x0000004c01600000] [id=13236]
  0x0000019ef7887800 ConcurrentGCThread "G1 Conc#0" [stack: 0x0000004c01600000,0x0000004c01700000] [id=13056]
  0x0000019ef7918800 ConcurrentGCThread "G1 Refine#0" [stack: 0x0000004c01700000,0x0000004c01800000] [id=7376]
  0x0000019ef7919800 ConcurrentGCThread "G1 Young RemSet Sampling" [stack: 0x0000004c01800000,0x0000004c01900000] [id=10408]

Threads with active compile tasks:
C2 CompilerThread0  52371 14415 %     4       com.android.tools.r8.ir.regalloc.a::a @ 1578 (3985 bytes)

VM state:not at safepoint (normal execution)

VM Mutex/Monitor currently owned by a thread: None

Heap address: 0x0000000080000000, size: 2048 MB, Compressed Oops mode: 32-bit
Narrow klass base: 0x0000000000000000, Narrow klass shift: 3
Compressed class space size: 1073741824 Address: 0x0000000100000000

Heap:
 garbage-first heap   total 414720K, used 173581K [0x0000000080000000, 0x0000000100000000)
  region size 1024K, 22 young (22528K), 9 survivors (9216K)
 Metaspace       used 104626K, capacity 107087K, committed 107340K, reserved 1142784K
  class space    used 13391K, capacity 14336K, committed 14412K, reserved 1048576K
Heap Regions: E=young(eden), S=young(survivor), O=old, HS=humongous(starts), HC=humongous(continues), CS=collection set, F=free, A=archive, TAMS=top-at-mark-start (previous, next)
|   0|0x0000000080000000, 0x0000000080100000, 0x0000000080100000|100%| O|  |TAMS 0x0000000080100000, 0x0000000080000000| Untracked 
|   1|0x0000000080100000, 0x0000000080200000, 0x0000000080200000|100%| O|  |TAMS 0x0000000080200000, 0x0000000080100000| Untracked 
|   2|0x0000000080200000, 0x0000000080300000, 0x0000000080300000|100%| O|  |TAMS 0x0000000080300000, 0x0000000080200000| Untracked 
|   3|0x0000000080300000, 0x0000000080400000, 0x0000000080400000|100%|HS|  |TAMS 0x0000000080400000, 0x0000000080300000| Complete 
|   4|0x0000000080400000, 0x0000000080500000, 0x0000000080500000|100%|HC|  |TAMS 0x0000000080500000, 0x0000000080400000| Complete 
|   5|0x0000000080500000, 0x0000000080600000, 0x0000000080600000|100%|HC|  |TAMS 0x0000000080600000, 0x0000000080500000| Complete 
|   6|0x0000000080600000, 0x0000000080700000, 0x0000000080700000|100%| O|  |TAMS 0x0000000080700000, 0x0000000080600000| Untracked 
|   7|0x0000000080700000, 0x0000000080800000, 0x0000000080800000|100%| O|  |TAMS 0x0000000080800000, 0x0000000080700000| Untracked 
|   8|0x0000000080800000, 0x0000000080900000, 0x0000000080900000|100%| O|  |TAMS 0x0000000080900000, 0x0000000080800000| Untracked 
|   9|0x0000000080900000, 0x0000000080a00000, 0x0000000080a00000|100%| O|  |TAMS 0x0000000080a00000, 0x0000000080900000| Untracked 
|  10|0x0000000080a00000, 0x0000000080b00000, 0x0000000080b00000|100%| O|  |TAMS 0x0000000080b00000, 0x0000000080a00000| Untracked 
|  11|0x0000000080b00000, 0x0000000080c00000, 0x0000000080c00000|100%| O|  |TAMS 0x0000000080c00000, 0x0000000080b00000| Untracked 
|  12|0x0000000080c00000, 0x0000000080d00000, 0x0000000080d00000|100%| O|  |TAMS 0x0000000080d00000, 0x0000000080c00000| Untracked 
|  13|0x0000000080d00000, 0x0000000080e00000, 0x0000000080e00000|100%| O|  |TAMS 0x0000000080e00000, 0x0000000080d00000| Untracked 
|  14|0x0000000080e00000, 0x0000000080f00000, 0x0000000080f00000|100%| O|  |TAMS 0x0000000080f00000, 0x0000000080e00000| Untracked 
|  15|0x0000000080f00000, 0x0000000081000000, 0x0000000081000000|100%| O|  |TAMS 0x0000000081000000, 0x0000000080f00000| Untracked 
|  16|0x0000000081000000, 0x0000000081100000, 0x0000000081100000|100%| O|  |TAMS 0x0000000081100000, 0x0000000081000000| Untracked 
|  17|0x0000000081100000, 0x0000000081200000, 0x0000000081200000|100%|HS|  |TAMS 0x0000000081200000, 0x0000000081100000| Complete 
|  18|0x0000000081200000, 0x0000000081300000, 0x0000000081300000|100%| O|  |TAMS 0x0000000081300000, 0x0000000081200000| Untracked 
|  19|0x0000000081300000, 0x0000000081400000, 0x0000000081400000|100%| O|  |TAMS 0x0000000081400000, 0x0000000081300000| Untracked 
|  20|0x0000000081400000, 0x0000000081500000, 0x0000000081500000|100%| O|  |TAMS 0x0000000081500000, 0x0000000081400000| Untracked 
|  21|0x0000000081500000, 0x0000000081600000, 0x0000000081600000|100%| O|  |TAMS 0x0000000081600000, 0x0000000081500000| Untracked 
|  22|0x0000000081600000, 0x0000000081700000, 0x0000000081700000|100%|HS|  |TAMS 0x0000000081700000, 0x0000000081600000| Complete 
|  23|0x0000000081700000, 0x0000000081800000, 0x0000000081800000|100%|HS|  |TAMS 0x0000000081800000, 0x0000000081700000| Complete 
|  24|0x0000000081800000, 0x0000000081900000, 0x0000000081900000|100%|HS|  |TAMS 0x0000000081900000, 0x0000000081800000| Complete 
|  25|0x0000000081900000, 0x0000000081a00000, 0x0000000081a00000|100%|HC|  |TAMS 0x0000000081a00000, 0x0000000081900000| Complete 
|  26|0x0000000081a00000, 0x0000000081b00000, 0x0000000081b00000|100%|HC|  |TAMS 0x0000000081b00000, 0x0000000081a00000| Complete 
|  27|0x0000000081b00000, 0x0000000081c00000, 0x0000000081c00000|100%|HS|  |TAMS 0x0000000081c00000, 0x0000000081b00000| Complete 
|  28|0x0000000081c00000, 0x0000000081d00000, 0x0000000081d00000|100%|HC|  |TAMS 0x0000000081d00000, 0x0000000081c00000| Complete 
|  29|0x0000000081d00000, 0x0000000081e00000, 0x0000000081e00000|100%| O|  |TAMS 0x0000000081e00000, 0x0000000081d00000| Untracked 
|  30|0x0000000081e00000, 0x0000000081f00000, 0x0000000081f00000|100%| O|  |TAMS 0x0000000081f00000, 0x0000000081e00000| Untracked 
|  31|0x0000000081f00000, 0x0000000082000000, 0x0000000082000000|100%| O|  |TAMS 0x0000000082000000, 0x0000000081f00000| Untracked 
|  32|0x0000000082000000, 0x0000000082100000, 0x0000000082100000|100%| O|  |TAMS 0x0000000082100000, 0x0000000082000000| Untracked 
|  33|0x0000000082100000, 0x0000000082200000, 0x0000000082200000|100%| O|  |TAMS 0x0000000082200000, 0x0000000082100000| Untracked 
|  34|0x0000000082200000, 0x0000000082300000, 0x0000000082300000|100%| O|  |TAMS 0x0000000082300000, 0x0000000082200000| Untracked 
|  35|0x0000000082300000, 0x0000000082400000, 0x0000000082400000|100%| O|  |TAMS 0x0000000082400000, 0x0000000082300000| Untracked 
|  36|0x0000000082400000, 0x0000000082500000, 0x0000000082500000|100%| O|  |TAMS 0x0000000082500000, 0x0000000082400000| Untracked 
|  37|0x0000000082500000, 0x0000000082600000, 0x0000000082600000|100%| O|  |TAMS 0x0000000082600000, 0x0000000082500000| Untracked 
|  38|0x0000000082600000, 0x0000000082700000, 0x0000000082700000|100%| O|  |TAMS 0x0000000082700000, 0x0000000082600000| Untracked 
|  39|0x0000000082700000, 0x0000000082800000, 0x0000000082800000|100%| O|  |TAMS 0x0000000082800000, 0x0000000082700000| Untracked 
|  40|0x0000000082800000, 0x0000000082900000, 0x0000000082900000|100%| O|  |TAMS 0x0000000082900000, 0x0000000082800000| Untracked 
|  41|0x0000000082900000, 0x0000000082a00000, 0x0000000082a00000|100%| O|  |TAMS 0x0000000082a00000, 0x0000000082900000| Untracked 
|  42|0x0000000082a00000, 0x0000000082b00000, 0x0000000082b00000|100%| O|  |TAMS 0x0000000082b00000, 0x0000000082a00000| Untracked 
|  43|0x0000000082b00000, 0x0000000082c00000, 0x0000000082c00000|100%| O|  |TAMS 0x0000000082c00000, 0x0000000082b00000| Untracked 
|  44|0x0000000082c00000, 0x0000000082d00000, 0x0000000082d00000|100%| O|  |TAMS 0x0000000082d00000, 0x0000000082c00000| Untracked 
|  45|0x0000000082d00000, 0x0000000082e00000, 0x0000000082e00000|100%| O|  |TAMS 0x0000000082e00000, 0x0000000082d00000| Untracked 
|  46|0x0000000082e00000, 0x0000000082f00000, 0x0000000082f00000|100%| O|  |TAMS 0x0000000082f00000, 0x0000000082e00000| Untracked 
|  47|0x0000000082f00000, 0x0000000083000000, 0x0000000083000000|100%| O|  |TAMS 0x0000000083000000, 0x0000000082f00000| Untracked 
|  48|0x0000000083000000, 0x0000000083100000, 0x0000000083100000|100%| O|  |TAMS 0x0000000083100000, 0x0000000083000000| Untracked 
|  49|0x0000000083100000, 0x0000000083200000, 0x0000000083200000|100%| O|  |TAMS 0x0000000083200000, 0x0000000083100000| Untracked 
|  50|0x0000000083200000, 0x0000000083300000, 0x0000000083300000|100%| O|  |TAMS 0x0000000083300000, 0x0000000083200000| Untracked 
|  51|0x0000000083300000, 0x0000000083400000, 0x0000000083400000|100%| O|  |TAMS 0x0000000083400000, 0x0000000083300000| Untracked 
|  52|0x0000000083400000, 0x0000000083500000, 0x0000000083500000|100%| O|  |TAMS 0x0000000083500000, 0x0000000083400000| Untracked 
|  53|0x0000000083500000, 0x0000000083600000, 0x0000000083600000|100%| O|  |TAMS 0x0000000083600000, 0x0000000083500000| Untracked 
|  54|0x0000000083600000, 0x0000000083700000, 0x0000000083700000|100%| O|  |TAMS 0x0000000083700000, 0x0000000083600000| Untracked 
|  55|0x0000000083700000, 0x0000000083800000, 0x0000000083800000|100%| O|  |TAMS 0x0000000083800000, 0x0000000083700000| Untracked 
|  56|0x0000000083800000, 0x0000000083900000, 0x0000000083900000|100%| O|  |TAMS 0x0000000083900000, 0x0000000083800000| Untracked 
|  57|0x0000000083900000, 0x0000000083a00000, 0x0000000083a00000|100%| O|  |TAMS 0x0000000083a00000, 0x0000000083900000| Untracked 
|  58|0x0000000083a00000, 0x0000000083b00000, 0x0000000083b00000|100%| O|  |TAMS 0x0000000083b00000, 0x0000000083a00000| Untracked 
|  59|0x0000000083b00000, 0x0000000083c00000, 0x0000000083c00000|100%| O|  |TAMS 0x0000000083c00000, 0x0000000083b00000| Untracked 
|  60|0x0000000083c00000, 0x0000000083d00000, 0x0000000083d00000|100%| O|  |TAMS 0x0000000083d00000, 0x0000000083c00000| Untracked 
|  61|0x0000000083d00000, 0x0000000083e00000, 0x0000000083e00000|100%| O|  |TAMS 0x0000000083e00000, 0x0000000083d00000| Untracked 
|  62|0x0000000083e00000, 0x0000000083f00000, 0x0000000083f00000|100%| O|  |TAMS 0x0000000083f00000, 0x0000000083e00000| Untracked 
|  63|0x0000000083f00000, 0x0000000084000000, 0x0000000084000000|100%| O|  |TAMS 0x0000000084000000, 0x0000000083f00000| Untracked 
|  64|0x0000000084000000, 0x0000000084100000, 0x0000000084100000|100%| O|  |TAMS 0x0000000084100000, 0x0000000084000000| Untracked 
|  65|0x0000000084100000, 0x0000000084200000, 0x0000000084200000|100%| O|  |TAMS 0x0000000084200000, 0x0000000084100000| Untracked 
|  66|0x0000000084200000, 0x0000000084300000, 0x0000000084300000|100%| O|  |TAMS 0x0000000084300000, 0x0000000084200000| Untracked 
|  67|0x0000000084300000, 0x0000000084400000, 0x0000000084400000|100%| O|  |TAMS 0x0000000084400000, 0x0000000084300000| Untracked 
|  68|0x0000000084400000, 0x0000000084500000, 0x0000000084500000|100%| O|  |TAMS 0x0000000084500000, 0x0000000084400000| Untracked 
|  69|0x0000000084500000, 0x0000000084600000, 0x0000000084600000|100%| O|  |TAMS 0x0000000084600000, 0x0000000084500000| Untracked 
|  70|0x0000000084600000, 0x0000000084700000, 0x0000000084700000|100%| O|  |TAMS 0x0000000084700000, 0x0000000084600000| Untracked 
|  71|0x0000000084700000, 0x0000000084800000, 0x0000000084800000|100%| O|  |TAMS 0x0000000084800000, 0x0000000084700000| Untracked 
|  72|0x0000000084800000, 0x0000000084900000, 0x0000000084900000|100%| O|  |TAMS 0x0000000084900000, 0x0000000084800000| Untracked 
|  73|0x0000000084900000, 0x0000000084a00000, 0x0000000084a00000|100%| O|  |TAMS 0x0000000084a00000, 0x0000000084900000| Untracked 
|  74|0x0000000084a00000, 0x0000000084b00000, 0x0000000084b00000|100%| O|  |TAMS 0x0000000084b00000, 0x0000000084a00000| Untracked 
|  75|0x0000000084b00000, 0x0000000084c00000, 0x0000000084c00000|100%| O|  |TAMS 0x0000000084c00000, 0x0000000084b00000| Untracked 
|  76|0x0000000084c00000, 0x0000000084d00000, 0x0000000084d00000|100%| O|  |TAMS 0x0000000084d00000, 0x0000000084c00000| Untracked 
|  77|0x0000000084d00000, 0x0000000084e00000, 0x0000000084e00000|100%| O|  |TAMS 0x0000000084e00000, 0x0000000084d00000| Untracked 
|  78|0x0000000084e00000, 0x0000000084f00000, 0x0000000084f00000|100%| O|  |TAMS 0x0000000084f00000, 0x0000000084e00000| Untracked 
|  79|0x0000000084f00000, 0x0000000085000000, 0x0000000085000000|100%| O|  |TAMS 0x0000000085000000, 0x0000000084f00000| Untracked 
|  80|0x0000000085000000, 0x0000000085100000, 0x0000000085100000|100%| O|  |TAMS 0x0000000085100000, 0x0000000085000000| Untracked 
|  81|0x0000000085100000, 0x0000000085200000, 0x0000000085200000|100%| O|  |TAMS 0x0000000085200000, 0x0000000085100000| Untracked 
|  82|0x0000000085200000, 0x0000000085300000, 0x0000000085300000|100%| O|  |TAMS 0x0000000085300000, 0x0000000085200000| Untracked 
|  83|0x0000000085300000, 0x0000000085400000, 0x0000000085400000|100%|HS|  |TAMS 0x0000000085400000, 0x0000000085300000| Complete 
|  84|0x0000000085400000, 0x0000000085500000, 0x0000000085500000|100%|HC|  |TAMS 0x0000000085500000, 0x0000000085400000| Complete 
|  85|0x0000000085500000, 0x0000000085600000, 0x0000000085600000|100%| O|  |TAMS 0x0000000085600000, 0x0000000085500000| Untracked 
|  86|0x0000000085600000, 0x0000000085700000, 0x0000000085700000|100%| O|  |TAMS 0x0000000085700000, 0x0000000085600000| Untracked 
|  87|0x0000000085700000, 0x0000000085800000, 0x0000000085800000|100%| O|  |TAMS 0x0000000085800000, 0x0000000085700000| Untracked 
|  88|0x0000000085800000, 0x0000000085900000, 0x0000000085900000|100%| O|  |TAMS 0x0000000085900000, 0x0000000085800000| Untracked 
|  89|0x0000000085900000, 0x0000000085a00000, 0x0000000085a00000|100%| O|  |TAMS 0x0000000085a00000, 0x0000000085900000| Untracked 
|  90|0x0000000085a00000, 0x0000000085b00000, 0x0000000085b00000|100%| O|  |TAMS 0x0000000085b00000, 0x0000000085a00000| Untracked 
|  91|0x0000000085b00000, 0x0000000085c00000, 0x0000000085c00000|100%| O|  |TAMS 0x0000000085c00000, 0x0000000085b00000| Untracked 
|  92|0x0000000085c00000, 0x0000000085d00000, 0x0000000085d00000|100%| O|  |TAMS 0x0000000085d00000, 0x0000000085c00000| Untracked 
|  93|0x0000000085d00000, 0x0000000085e00000, 0x0000000085e00000|100%| O|  |TAMS 0x0000000085e00000, 0x0000000085d00000| Untracked 
|  94|0x0000000085e00000, 0x0000000085f00000, 0x0000000085f00000|100%| O|  |TAMS 0x0000000085f00000, 0x0000000085e00000| Untracked 
|  95|0x0000000085f00000, 0x0000000086000000, 0x0000000086000000|100%| O|  |TAMS 0x0000000086000000, 0x0000000085f00000| Untracked 
|  96|0x0000000086000000, 0x0000000086100000, 0x0000000086100000|100%| O|  |TAMS 0x0000000086100000, 0x0000000086000000| Untracked 
|  97|0x0000000086100000, 0x0000000086200000, 0x0000000086200000|100%| O|  |TAMS 0x0000000086200000, 0x0000000086100000| Untracked 
|  98|0x0000000086200000, 0x0000000086300000, 0x0000000086300000|100%| O|  |TAMS 0x0000000086300000, 0x0000000086200000| Untracked 
|  99|0x0000000086300000, 0x0000000086400000, 0x0000000086400000|100%| O|  |TAMS 0x0000000086400000, 0x0000000086300000| Untracked 
| 100|0x0000000086400000, 0x0000000086500000, 0x0000000086500000|100%| O|  |TAMS 0x0000000086500000, 0x0000000086400000| Untracked 
| 101|0x0000000086500000, 0x0000000086600000, 0x0000000086600000|100%| O|  |TAMS 0x0000000086600000, 0x0000000086500000| Untracked 
| 102|0x0000000086600000, 0x0000000086700000, 0x0000000086700000|100%| O|  |TAMS 0x0000000086700000, 0x0000000086600000| Untracked 
| 103|0x0000000086700000, 0x0000000086800000, 0x0000000086800000|100%| O|  |TAMS 0x0000000086800000, 0x0000000086700000| Untracked 
| 104|0x0000000086800000, 0x0000000086900000, 0x0000000086900000|100%| O|  |TAMS 0x0000000086900000, 0x0000000086800000| Untracked 
| 105|0x0000000086900000, 0x0000000086a00000, 0x0000000086a00000|100%| O|  |TAMS 0x0000000086a00000, 0x0000000086900000| Untracked 
| 106|0x0000000086a00000, 0x0000000086b00000, 0x0000000086b00000|100%| O|  |TAMS 0x0000000086b00000, 0x0000000086a00000| Untracked 
| 107|0x0000000086b00000, 0x0000000086c00000, 0x0000000086c00000|100%| O|  |TAMS 0x0000000086c00000, 0x0000000086b00000| Untracked 
| 108|0x0000000086c00000, 0x0000000086d00000, 0x0000000086d00000|100%| O|  |TAMS 0x0000000086d00000, 0x0000000086c00000| Untracked 
| 109|0x0000000086d00000, 0x0000000086e00000, 0x0000000086e00000|100%| O|  |TAMS 0x0000000086e00000, 0x0000000086d00000| Untracked 
| 110|0x0000000086e00000, 0x0000000086f00000, 0x0000000086f00000|100%| O|  |TAMS 0x0000000086f00000, 0x0000000086e00000| Untracked 
| 111|0x0000000086f00000, 0x0000000087000000, 0x0000000087000000|100%| O|  |TAMS 0x0000000087000000, 0x0000000086f00000| Untracked 
| 112|0x0000000087000000, 0x0000000087100000, 0x0000000087100000|100%| O|  |TAMS 0x0000000087100000, 0x0000000087000000| Untracked 
| 113|0x0000000087100000, 0x0000000087200000, 0x0000000087200000|100%| O|  |TAMS 0x0000000087200000, 0x0000000087100000| Untracked 
| 114|0x0000000087200000, 0x0000000087300000, 0x0000000087300000|100%| O|  |TAMS 0x0000000087300000, 0x0000000087200000| Untracked 
| 115|0x0000000087300000, 0x0000000087400000, 0x0000000087400000|100%| O|  |TAMS 0x0000000087400000, 0x0000000087300000| Untracked 
| 116|0x0000000087400000, 0x0000000087500000, 0x0000000087500000|100%| O|  |TAMS 0x0000000087500000, 0x0000000087400000| Untracked 
| 117|0x0000000087500000, 0x0000000087600000, 0x0000000087600000|100%| O|  |TAMS 0x0000000087600000, 0x0000000087500000| Untracked 
| 118|0x0000000087600000, 0x0000000087700000, 0x0000000087700000|100%| O|  |TAMS 0x0000000087700000, 0x0000000087600000| Untracked 
| 119|0x0000000087700000, 0x0000000087800000, 0x0000000087800000|100%| O|  |TAMS 0x0000000087800000, 0x0000000087700000| Untracked 
| 120|0x0000000087800000, 0x0000000087900000, 0x0000000087900000|100%| O|  |TAMS 0x00000000878cc200, 0x0000000087800000| Untracked 
| 121|0x0000000087900000, 0x0000000087a00000, 0x0000000087a00000|100%| O|  |TAMS 0x0000000087900000, 0x0000000087900000| Untracked 
| 122|0x0000000087a00000, 0x0000000087b00000, 0x0000000087b00000|100%| O|  |TAMS 0x0000000087a00000, 0x0000000087a00000| Untracked 
| 123|0x0000000087b00000, 0x0000000087c00000, 0x0000000087c00000|100%| O|  |TAMS 0x0000000087b00000, 0x0000000087b00000| Untracked 
| 124|0x0000000087c00000, 0x0000000087d00000, 0x0000000087d00000|100%| O|  |TAMS 0x0000000087c00000, 0x0000000087c00000| Untracked 
| 125|0x0000000087d00000, 0x0000000087e00000, 0x0000000087e00000|100%| O|  |TAMS 0x0000000087d00000, 0x0000000087d00000| Untracked 
| 126|0x0000000087e00000, 0x0000000087f00000, 0x0000000087f00000|100%| O|  |TAMS 0x0000000087e00000, 0x0000000087e00000| Untracked 
| 127|0x0000000087f00000, 0x0000000088000000, 0x0000000088000000|100%| O|  |TAMS 0x0000000087f00000, 0x0000000087f00000| Untracked 
| 128|0x0000000088000000, 0x0000000088100000, 0x0000000088100000|100%| O|  |TAMS 0x0000000088000000, 0x0000000088000000| Untracked 
| 129|0x0000000088100000, 0x0000000088200000, 0x0000000088200000|100%| O|  |TAMS 0x0000000088100000, 0x0000000088100000| Untracked 
| 130|0x0000000088200000, 0x0000000088300000, 0x0000000088300000|100%| O|  |TAMS 0x0000000088200000, 0x0000000088200000| Untracked 
| 131|0x0000000088300000, 0x0000000088400000, 0x0000000088400000|100%| O|  |TAMS 0x0000000088300000, 0x0000000088300000| Untracked 
| 132|0x0000000088400000, 0x0000000088500000, 0x0000000088500000|100%| O|  |TAMS 0x0000000088400000, 0x0000000088400000| Untracked 
| 133|0x0000000088500000, 0x0000000088600000, 0x0000000088600000|100%| O|  |TAMS 0x0000000088500000, 0x0000000088500000| Untracked 
| 134|0x0000000088600000, 0x0000000088700000, 0x0000000088700000|100%| O|  |TAMS 0x0000000088600000, 0x0000000088600000| Untracked 
| 135|0x0000000088700000, 0x0000000088800000, 0x0000000088800000|100%| O|  |TAMS 0x0000000088700000, 0x0000000088700000| Untracked 
| 136|0x0000000088800000, 0x0000000088900000, 0x0000000088900000|100%| O|  |TAMS 0x0000000088800000, 0x0000000088800000| Untracked 
| 137|0x0000000088900000, 0x0000000088a00000, 0x0000000088a00000|100%| O|  |TAMS 0x0000000088900000, 0x0000000088900000| Untracked 
| 138|0x0000000088a00000, 0x0000000088b00000, 0x0000000088b00000|100%| O|  |TAMS 0x0000000088a00000, 0x0000000088a00000| Untracked 
| 139|0x0000000088b00000, 0x0000000088c00000, 0x0000000088c00000|100%| O|  |TAMS 0x0000000088b00000, 0x0000000088b00000| Untracked 
| 140|0x0000000088c00000, 0x0000000088d00000, 0x0000000088d00000|100%| O|  |TAMS 0x0000000088c00000, 0x0000000088c00000| Untracked 
| 141|0x0000000088d00000, 0x0000000088e00000, 0x0000000088e00000|100%| O|  |TAMS 0x0000000088d00000, 0x0000000088d00000| Untracked 
| 142|0x0000000088e00000, 0x0000000088f00000, 0x0000000088f00000|100%| O|  |TAMS 0x0000000088e00000, 0x0000000088e00000| Untracked 
| 143|0x0000000088f00000, 0x0000000089000000, 0x0000000089000000|100%| O|  |TAMS 0x0000000088f00000, 0x0000000088f00000| Untracked 
| 144|0x0000000089000000, 0x0000000089100000, 0x0000000089100000|100%| O|  |TAMS 0x0000000089000000, 0x0000000089000000| Untracked 
| 145|0x0000000089100000, 0x0000000089200000, 0x0000000089200000|100%| O|  |TAMS 0x0000000089100000, 0x0000000089100000| Untracked 
| 146|0x0000000089200000, 0x0000000089300000, 0x0000000089300000|100%| O|  |TAMS 0x0000000089200000, 0x0000000089200000| Untracked 
| 147|0x0000000089300000, 0x0000000089400000, 0x0000000089400000|100%| O|  |TAMS 0x0000000089300000, 0x0000000089300000| Untracked 
| 148|0x0000000089400000, 0x0000000089500000, 0x0000000089500000|100%| O|  |TAMS 0x0000000089400000, 0x0000000089400000| Untracked 
| 149|0x0000000089500000, 0x0000000089532800, 0x0000000089600000| 19%| O|  |TAMS 0x0000000089500000, 0x0000000089500000| Untracked 
| 150|0x0000000089600000, 0x0000000089600000, 0x0000000089700000|  0%| F|  |TAMS 0x0000000089600000, 0x0000000089600000| Untracked 
| 151|0x0000000089700000, 0x0000000089700000, 0x0000000089800000|  0%| F|  |TAMS 0x0000000089700000, 0x0000000089700000| Untracked 
| 152|0x0000000089800000, 0x0000000089800000, 0x0000000089900000|  0%| F|  |TAMS 0x0000000089800000, 0x0000000089800000| Untracked 
| 153|0x0000000089900000, 0x0000000089900000, 0x0000000089a00000|  0%| F|  |TAMS 0x0000000089900000, 0x0000000089900000| Untracked 
| 154|0x0000000089a00000, 0x0000000089a00000, 0x0000000089b00000|  0%| F|  |TAMS 0x0000000089a00000, 0x0000000089a00000| Untracked 
| 155|0x0000000089b00000, 0x0000000089b00000, 0x0000000089c00000|  0%| F|  |TAMS 0x0000000089b00000, 0x0000000089b00000| Untracked 
| 156|0x0000000089c00000, 0x0000000089c00000, 0x0000000089d00000|  0%| F|  |TAMS 0x0000000089c00000, 0x0000000089c00000| Untracked 
| 157|0x0000000089d00000, 0x0000000089d00000, 0x0000000089e00000|  0%| F|  |TAMS 0x0000000089d00000, 0x0000000089d00000| Untracked 
| 158|0x0000000089e00000, 0x0000000089e00000, 0x0000000089f00000|  0%| F|  |TAMS 0x0000000089e00000, 0x0000000089e00000| Untracked 
| 159|0x0000000089f00000, 0x0000000089f00000, 0x000000008a000000|  0%| F|  |TAMS 0x0000000089f00000, 0x0000000089f00000| Untracked 
| 160|0x000000008a000000, 0x000000008a000000, 0x000000008a100000|  0%| F|  |TAMS 0x000000008a000000, 0x000000008a000000| Untracked 
| 161|0x000000008a100000, 0x000000008a100000, 0x000000008a200000|  0%| F|  |TAMS 0x000000008a100000, 0x000000008a100000| Untracked 
| 162|0x000000008a200000, 0x000000008a200000, 0x000000008a300000|  0%| F|  |TAMS 0x000000008a200000, 0x000000008a200000| Untracked 
| 163|0x000000008a300000, 0x000000008a300000, 0x000000008a400000|  0%| F|  |TAMS 0x000000008a300000, 0x000000008a300000| Untracked 
| 164|0x000000008a400000, 0x000000008a400000, 0x000000008a500000|  0%| F|  |TAMS 0x000000008a400000, 0x000000008a400000| Untracked 
| 165|0x000000008a500000, 0x000000008a500000, 0x000000008a600000|  0%| F|  |TAMS 0x000000008a500000, 0x000000008a500000| Untracked 
| 166|0x000000008a600000, 0x000000008a600000, 0x000000008a700000|  0%| F|  |TAMS 0x000000008a600000, 0x000000008a600000| Untracked 
| 167|0x000000008a700000, 0x000000008a700000, 0x000000008a800000|  0%| F|  |TAMS 0x000000008a700000, 0x000000008a700000| Untracked 
| 168|0x000000008a800000, 0x000000008a800000, 0x000000008a900000|  0%| F|  |TAMS 0x000000008a800000, 0x000000008a800000| Untracked 
| 169|0x000000008a900000, 0x000000008a900000, 0x000000008aa00000|  0%| F|  |TAMS 0x000000008a900000, 0x000000008a900000| Untracked 
| 170|0x000000008aa00000, 0x000000008aa00000, 0x000000008ab00000|  0%| F|  |TAMS 0x000000008aa00000, 0x000000008aa00000| Untracked 
| 171|0x000000008ab00000, 0x000000008ab00000, 0x000000008ac00000|  0%| F|  |TAMS 0x000000008ab00000, 0x000000008ab00000| Untracked 
| 172|0x000000008ac00000, 0x000000008ac00000, 0x000000008ad00000|  0%| F|  |TAMS 0x000000008ac00000, 0x000000008ac00000| Untracked 
| 173|0x000000008ad00000, 0x000000008ad00000, 0x000000008ae00000|  0%| F|  |TAMS 0x000000008ad00000, 0x000000008ad00000| Untracked 
| 174|0x000000008ae00000, 0x000000008ae00000, 0x000000008af00000|  0%| F|  |TAMS 0x000000008ae00000, 0x000000008ae00000| Untracked 
| 175|0x000000008af00000, 0x000000008af00000, 0x000000008b000000|  0%| F|  |TAMS 0x000000008af00000, 0x000000008af00000| Untracked 
| 176|0x000000008b000000, 0x000000008b000000, 0x000000008b100000|  0%| F|  |TAMS 0x000000008b000000, 0x000000008b000000| Untracked 
| 177|0x000000008b100000, 0x000000008b100000, 0x000000008b200000|  0%| F|  |TAMS 0x000000008b100000, 0x000000008b100000| Untracked 
| 178|0x000000008b200000, 0x000000008b200000, 0x000000008b300000|  0%| F|  |TAMS 0x000000008b200000, 0x000000008b200000| Untracked 
| 179|0x000000008b300000, 0x000000008b300000, 0x000000008b400000|  0%| F|  |TAMS 0x000000008b300000, 0x000000008b300000| Untracked 
| 180|0x000000008b400000, 0x000000008b400000, 0x000000008b500000|  0%| F|  |TAMS 0x000000008b400000, 0x000000008b400000| Untracked 
| 181|0x000000008b500000, 0x000000008b500000, 0x000000008b600000|  0%| F|  |TAMS 0x000000008b500000, 0x000000008b500000| Untracked 
| 182|0x000000008b600000, 0x000000008b600000, 0x000000008b700000|  0%| F|  |TAMS 0x000000008b600000, 0x000000008b600000| Untracked 
| 183|0x000000008b700000, 0x000000008b700000, 0x000000008b800000|  0%| F|  |TAMS 0x000000008b700000, 0x000000008b700000| Untracked 
| 184|0x000000008b800000, 0x000000008b800000, 0x000000008b900000|  0%| F|  |TAMS 0x000000008b800000, 0x000000008b800000| Untracked 
| 185|0x000000008b900000, 0x000000008b900000, 0x000000008ba00000|  0%| F|  |TAMS 0x000000008b900000, 0x000000008b900000| Untracked 
| 186|0x000000008ba00000, 0x000000008ba00000, 0x000000008bb00000|  0%| F|  |TAMS 0x000000008ba00000, 0x000000008ba00000| Untracked 
| 187|0x000000008bb00000, 0x000000008bb00000, 0x000000008bc00000|  0%| F|  |TAMS 0x000000008bb00000, 0x000000008bb00000| Untracked 
| 188|0x000000008bc00000, 0x000000008bc00000, 0x000000008bd00000|  0%| F|  |TAMS 0x000000008bc00000, 0x000000008bc00000| Untracked 
| 189|0x000000008bd00000, 0x000000008bd00000, 0x000000008be00000|  0%| F|  |TAMS 0x000000008bd00000, 0x000000008bd00000| Untracked 
| 190|0x000000008be00000, 0x000000008be00000, 0x000000008bf00000|  0%| F|  |TAMS 0x000000008be00000, 0x000000008be00000| Untracked 
| 191|0x000000008bf00000, 0x000000008bf00000, 0x000000008c000000|  0%| F|  |TAMS 0x000000008bf00000, 0x000000008bf00000| Untracked 
| 192|0x000000008c000000, 0x000000008c000000, 0x000000008c100000|  0%| F|  |TAMS 0x000000008c000000, 0x000000008c000000| Untracked 
| 193|0x000000008c100000, 0x000000008c100000, 0x000000008c200000|  0%| F|  |TAMS 0x000000008c100000, 0x000000008c100000| Untracked 
| 194|0x000000008c200000, 0x000000008c200000, 0x000000008c300000|  0%| F|  |TAMS 0x000000008c200000, 0x000000008c200000| Untracked 
| 195|0x000000008c300000, 0x000000008c300000, 0x000000008c400000|  0%| F|  |TAMS 0x000000008c300000, 0x000000008c300000| Untracked 
| 196|0x000000008c400000, 0x000000008c400000, 0x000000008c500000|  0%| F|  |TAMS 0x000000008c400000, 0x000000008c400000| Untracked 
| 197|0x000000008c500000, 0x000000008c500000, 0x000000008c600000|  0%| F|  |TAMS 0x000000008c500000, 0x000000008c500000| Untracked 
| 198|0x000000008c600000, 0x000000008c600000, 0x000000008c700000|  0%| F|  |TAMS 0x000000008c600000, 0x000000008c600000| Untracked 
| 199|0x000000008c700000, 0x000000008c700000, 0x000000008c800000|  0%| F|  |TAMS 0x000000008c700000, 0x000000008c700000| Untracked 
| 200|0x000000008c800000, 0x000000008c800000, 0x000000008c900000|  0%| F|  |TAMS 0x000000008c800000, 0x000000008c800000| Untracked 
| 201|0x000000008c900000, 0x000000008c900000, 0x000000008ca00000|  0%| F|  |TAMS 0x000000008c900000, 0x000000008c900000| Untracked 
| 202|0x000000008ca00000, 0x000000008ca00000, 0x000000008cb00000|  0%| F|  |TAMS 0x000000008ca00000, 0x000000008ca00000| Untracked 
| 203|0x000000008cb00000, 0x000000008cb00000, 0x000000008cc00000|  0%| F|  |TAMS 0x000000008cb00000, 0x000000008cb00000| Untracked 
| 204|0x000000008cc00000, 0x000000008cc00000, 0x000000008cd00000|  0%| F|  |TAMS 0x000000008cc00000, 0x000000008cc00000| Untracked 
| 205|0x000000008cd00000, 0x000000008cd00000, 0x000000008ce00000|  0%| F|  |TAMS 0x000000008cd00000, 0x000000008cd00000| Untracked 
| 206|0x000000008ce00000, 0x000000008ce00000, 0x000000008cf00000|  0%| F|  |TAMS 0x000000008ce00000, 0x000000008ce00000| Untracked 
| 207|0x000000008cf00000, 0x000000008cf00000, 0x000000008d000000|  0%| F|  |TAMS 0x000000008cf00000, 0x000000008cf00000| Untracked 
| 208|0x000000008d000000, 0x000000008d000000, 0x000000008d100000|  0%| F|  |TAMS 0x000000008d000000, 0x000000008d000000| Untracked 
| 209|0x000000008d100000, 0x000000008d100000, 0x000000008d200000|  0%| F|  |TAMS 0x000000008d100000, 0x000000008d100000| Untracked 
| 210|0x000000008d200000, 0x000000008d200000, 0x000000008d300000|  0%| F|  |TAMS 0x000000008d200000, 0x000000008d200000| Untracked 
| 211|0x000000008d300000, 0x000000008d300000, 0x000000008d400000|  0%| F|  |TAMS 0x000000008d300000, 0x000000008d300000| Untracked 
| 212|0x000000008d400000, 0x000000008d400000, 0x000000008d500000|  0%| F|  |TAMS 0x000000008d400000, 0x000000008d400000| Untracked 
| 213|0x000000008d500000, 0x000000008d500000, 0x000000008d600000|  0%| F|  |TAMS 0x000000008d500000, 0x000000008d500000| Untracked 
| 214|0x000000008d600000, 0x000000008d600000, 0x000000008d700000|  0%| F|  |TAMS 0x000000008d600000, 0x000000008d600000| Untracked 
| 215|0x000000008d700000, 0x000000008d700000, 0x000000008d800000|  0%| F|  |TAMS 0x000000008d700000, 0x000000008d700000| Untracked 
| 216|0x000000008d800000, 0x000000008d800000, 0x000000008d900000|  0%| F|  |TAMS 0x000000008d800000, 0x000000008d800000| Untracked 
| 217|0x000000008d900000, 0x000000008d950cd8, 0x000000008da00000| 31%| S|CS|TAMS 0x000000008d900000, 0x000000008d900000| Complete 
| 218|0x000000008da00000, 0x000000008db00000, 0x000000008db00000|100%| S|CS|TAMS 0x000000008da00000, 0x000000008da00000| Complete 
| 219|0x000000008db00000, 0x000000008dc00000, 0x000000008dc00000|100%| S|CS|TAMS 0x000000008db00000, 0x000000008db00000| Complete 
| 220|0x000000008dc00000, 0x000000008dd00000, 0x000000008dd00000|100%| S|CS|TAMS 0x000000008dc00000, 0x000000008dc00000| Complete 
| 221|0x000000008dd00000, 0x000000008de00000, 0x000000008de00000|100%| S|CS|TAMS 0x000000008dd00000, 0x000000008dd00000| Complete 
| 222|0x000000008de00000, 0x000000008df00000, 0x000000008df00000|100%| S|CS|TAMS 0x000000008de00000, 0x000000008de00000| Complete 
| 223|0x000000008df00000, 0x000000008e000000, 0x000000008e000000|100%| S|CS|TAMS 0x000000008df00000, 0x000000008df00000| Complete 
| 224|0x000000008e000000, 0x000000008e100000, 0x000000008e100000|100%| S|CS|TAMS 0x000000008e000000, 0x000000008e000000| Complete 
| 225|0x000000008e100000, 0x000000008e200000, 0x000000008e200000|100%| S|CS|TAMS 0x000000008e100000, 0x000000008e100000| Complete 
| 226|0x000000008e200000, 0x000000008e200000, 0x000000008e300000|  0%| F|  |TAMS 0x000000008e200000, 0x000000008e200000| Untracked 
| 227|0x000000008e300000, 0x000000008e300000, 0x000000008e400000|  0%| F|  |TAMS 0x000000008e300000, 0x000000008e300000| Untracked 
| 228|0x000000008e400000, 0x000000008e400000, 0x000000008e500000|  0%| F|  |TAMS 0x000000008e400000, 0x000000008e400000| Untracked 
| 229|0x000000008e500000, 0x000000008e500000, 0x000000008e600000|  0%| F|  |TAMS 0x000000008e500000, 0x000000008e500000| Untracked 
| 230|0x000000008e600000, 0x000000008e600000, 0x000000008e700000|  0%| F|  |TAMS 0x000000008e600000, 0x000000008e600000| Untracked 
| 231|0x000000008e700000, 0x000000008e700000, 0x000000008e800000|  0%| F|  |TAMS 0x000000008e700000, 0x000000008e700000| Untracked 
| 232|0x000000008e800000, 0x000000008e800000, 0x000000008e900000|  0%| F|  |TAMS 0x000000008e800000, 0x000000008e800000| Untracked 
| 233|0x000000008e900000, 0x000000008e900000, 0x000000008ea00000|  0%| F|  |TAMS 0x000000008e900000, 0x000000008e900000| Untracked 
| 234|0x000000008ea00000, 0x000000008ea00000, 0x000000008eb00000|  0%| F|  |TAMS 0x000000008ea00000, 0x000000008ea00000| Untracked 
| 235|0x000000008eb00000, 0x000000008eb00000, 0x000000008ec00000|  0%| F|  |TAMS 0x000000008eb00000, 0x000000008eb00000| Untracked 
| 236|0x000000008ec00000, 0x000000008ec00000, 0x000000008ed00000|  0%| F|  |TAMS 0x000000008ec00000, 0x000000008ec00000| Untracked 
| 237|0x000000008ed00000, 0x000000008ed00000, 0x000000008ee00000|  0%| F|  |TAMS 0x000000008ed00000, 0x000000008ed00000| Untracked 
| 238|0x000000008ee00000, 0x000000008ee00000, 0x000000008ef00000|  0%| F|  |TAMS 0x000000008ee00000, 0x000000008ee00000| Untracked 
| 239|0x000000008ef00000, 0x000000008ef00000, 0x000000008f000000|  0%| F|  |TAMS 0x000000008ef00000, 0x000000008ef00000| Untracked 
| 240|0x000000008f000000, 0x000000008f000000, 0x000000008f100000|  0%| F|  |TAMS 0x000000008f000000, 0x000000008f000000| Untracked 
| 241|0x000000008f100000, 0x000000008f100000, 0x000000008f200000|  0%| F|  |TAMS 0x000000008f100000, 0x000000008f100000| Untracked 
| 242|0x000000008f200000, 0x000000008f200000, 0x000000008f300000|  0%| F|  |TAMS 0x000000008f200000, 0x000000008f200000| Untracked 
| 243|0x000000008f300000, 0x000000008f300000, 0x000000008f400000|  0%| F|  |TAMS 0x000000008f300000, 0x000000008f300000| Untracked 
| 244|0x000000008f400000, 0x000000008f400000, 0x000000008f500000|  0%| F|  |TAMS 0x000000008f400000, 0x000000008f400000| Untracked 
| 245|0x000000008f500000, 0x000000008f500000, 0x000000008f600000|  0%| F|  |TAMS 0x000000008f500000, 0x000000008f500000| Untracked 
| 246|0x000000008f600000, 0x000000008f600000, 0x000000008f700000|  0%| F|  |TAMS 0x000000008f600000, 0x000000008f600000| Untracked 
| 247|0x000000008f700000, 0x000000008f700000, 0x000000008f800000|  0%| F|  |TAMS 0x000000008f700000, 0x000000008f700000| Untracked 
| 248|0x000000008f800000, 0x000000008f800000, 0x000000008f900000|  0%| F|  |TAMS 0x000000008f800000, 0x000000008f800000| Untracked 
| 249|0x000000008f900000, 0x000000008f900000, 0x000000008fa00000|  0%| F|  |TAMS 0x000000008f900000, 0x000000008f900000| Untracked 
| 250|0x000000008fa00000, 0x000000008fa00000, 0x000000008fb00000|  0%| F|  |TAMS 0x000000008fa00000, 0x000000008fa00000| Untracked 
| 251|0x000000008fb00000, 0x000000008fb00000, 0x000000008fc00000|  0%| F|  |TAMS 0x000000008fb00000, 0x000000008fb00000| Untracked 
| 252|0x000000008fc00000, 0x000000008fc00000, 0x000000008fd00000|  0%| F|  |TAMS 0x000000008fc00000, 0x000000008fc00000| Untracked 
| 253|0x000000008fd00000, 0x000000008fd00000, 0x000000008fe00000|  0%| F|  |TAMS 0x000000008fd00000, 0x000000008fd00000| Untracked 
| 254|0x000000008fe00000, 0x000000008fe00000, 0x000000008ff00000|  0%| F|  |TAMS 0x000000008fe00000, 0x000000008fe00000| Untracked 
| 255|0x000000008ff00000, 0x000000008ff00000, 0x0000000090000000|  0%| F|  |TAMS 0x000000008ff00000, 0x000000008ff00000| Untracked 
| 256|0x0000000090000000, 0x0000000090000000, 0x0000000090100000|  0%| F|  |TAMS 0x0000000090000000, 0x0000000090000000| Untracked 
| 257|0x0000000090100000, 0x0000000090100000, 0x0000000090200000|  0%| F|  |TAMS 0x0000000090100000, 0x0000000090100000| Untracked 
| 258|0x0000000090200000, 0x0000000090200000, 0x0000000090300000|  0%| F|  |TAMS 0x0000000090200000, 0x0000000090200000| Untracked 
| 259|0x0000000090300000, 0x0000000090300000, 0x0000000090400000|  0%| F|  |TAMS 0x0000000090300000, 0x0000000090300000| Untracked 
| 260|0x0000000090400000, 0x0000000090400000, 0x0000000090500000|  0%| F|  |TAMS 0x0000000090400000, 0x0000000090400000| Untracked 
| 261|0x0000000090500000, 0x0000000090500000, 0x0000000090600000|  0%| F|  |TAMS 0x0000000090500000, 0x0000000090500000| Untracked 
| 262|0x0000000090600000, 0x0000000090600000, 0x0000000090700000|  0%| F|  |TAMS 0x0000000090600000, 0x0000000090600000| Untracked 
| 263|0x0000000090700000, 0x0000000090700000, 0x0000000090800000|  0%| F|  |TAMS 0x0000000090700000, 0x0000000090700000| Untracked 
| 264|0x0000000090800000, 0x0000000090800000, 0x0000000090900000|  0%| F|  |TAMS 0x0000000090800000, 0x0000000090800000| Untracked 
| 265|0x0000000090900000, 0x0000000090900000, 0x0000000090a00000|  0%| F|  |TAMS 0x0000000090900000, 0x0000000090900000| Untracked 
| 266|0x0000000090a00000, 0x0000000090a00000, 0x0000000090b00000|  0%| F|  |TAMS 0x0000000090a00000, 0x0000000090a00000| Untracked 
| 267|0x0000000090b00000, 0x0000000090b00000, 0x0000000090c00000|  0%| F|  |TAMS 0x0000000090b00000, 0x0000000090b00000| Untracked 
| 268|0x0000000090c00000, 0x0000000090c00000, 0x0000000090d00000|  0%| F|  |TAMS 0x0000000090c00000, 0x0000000090c00000| Untracked 
| 269|0x0000000090d00000, 0x0000000090d00000, 0x0000000090e00000|  0%| F|  |TAMS 0x0000000090d00000, 0x0000000090d00000| Untracked 
| 270|0x0000000090e00000, 0x0000000090e00000, 0x0000000090f00000|  0%| F|  |TAMS 0x0000000090e00000, 0x0000000090e00000| Untracked 
| 271|0x0000000090f00000, 0x0000000090f00000, 0x0000000091000000|  0%| F|  |TAMS 0x0000000090f00000, 0x0000000090f00000| Untracked 
| 272|0x0000000091000000, 0x0000000091000000, 0x0000000091100000|  0%| F|  |TAMS 0x0000000091000000, 0x0000000091000000| Untracked 
| 273|0x0000000091100000, 0x0000000091100000, 0x0000000091200000|  0%| F|  |TAMS 0x0000000091100000, 0x0000000091100000| Untracked 
| 274|0x0000000091200000, 0x0000000091200000, 0x0000000091300000|  0%| F|  |TAMS 0x0000000091200000, 0x0000000091200000| Untracked 
| 275|0x0000000091300000, 0x0000000091300000, 0x0000000091400000|  0%| F|  |TAMS 0x0000000091300000, 0x0000000091300000| Untracked 
| 276|0x0000000091400000, 0x0000000091400000, 0x0000000091500000|  0%| F|  |TAMS 0x0000000091400000, 0x0000000091400000| Untracked 
| 277|0x0000000091500000, 0x0000000091500000, 0x0000000091600000|  0%| F|  |TAMS 0x0000000091500000, 0x0000000091500000| Untracked 
| 278|0x0000000091600000, 0x0000000091600000, 0x0000000091700000|  0%| F|  |TAMS 0x0000000091600000, 0x0000000091600000| Untracked 
| 279|0x0000000091700000, 0x0000000091700000, 0x0000000091800000|  0%| F|  |TAMS 0x0000000091700000, 0x0000000091700000| Untracked 
| 280|0x0000000091800000, 0x0000000091800000, 0x0000000091900000|  0%| F|  |TAMS 0x0000000091800000, 0x0000000091800000| Untracked 
| 281|0x0000000091900000, 0x0000000091900000, 0x0000000091a00000|  0%| F|  |TAMS 0x0000000091900000, 0x0000000091900000| Untracked 
| 282|0x0000000091a00000, 0x0000000091a00000, 0x0000000091b00000|  0%| F|  |TAMS 0x0000000091a00000, 0x0000000091a00000| Untracked 
| 283|0x0000000091b00000, 0x0000000091b00000, 0x0000000091c00000|  0%| F|  |TAMS 0x0000000091b00000, 0x0000000091b00000| Untracked 
| 284|0x0000000091c00000, 0x0000000091c00000, 0x0000000091d00000|  0%| F|  |TAMS 0x0000000091c00000, 0x0000000091c00000| Untracked 
| 285|0x0000000091d00000, 0x0000000091d00000, 0x0000000091e00000|  0%| F|  |TAMS 0x0000000091d00000, 0x0000000091d00000| Untracked 
| 286|0x0000000091e00000, 0x0000000091e00000, 0x0000000091f00000|  0%| F|  |TAMS 0x0000000091e00000, 0x0000000091e00000| Untracked 
| 287|0x0000000091f00000, 0x0000000091f00000, 0x0000000092000000|  0%| F|  |TAMS 0x0000000091f00000, 0x0000000091f00000| Untracked 
| 288|0x0000000092000000, 0x0000000092000000, 0x0000000092100000|  0%| F|  |TAMS 0x0000000092000000, 0x0000000092000000| Untracked 
| 289|0x0000000092100000, 0x0000000092100000, 0x0000000092200000|  0%| F|  |TAMS 0x0000000092100000, 0x0000000092100000| Untracked 
| 290|0x0000000092200000, 0x0000000092200000, 0x0000000092300000|  0%| F|  |TAMS 0x0000000092200000, 0x0000000092200000| Untracked 
| 291|0x0000000092300000, 0x0000000092300000, 0x0000000092400000|  0%| F|  |TAMS 0x0000000092300000, 0x0000000092300000| Untracked 
| 292|0x0000000092400000, 0x0000000092400000, 0x0000000092500000|  0%| F|  |TAMS 0x0000000092400000, 0x0000000092400000| Untracked 
| 293|0x0000000092500000, 0x0000000092500000, 0x0000000092600000|  0%| F|  |TAMS 0x0000000092500000, 0x0000000092500000| Untracked 
| 294|0x0000000092600000, 0x0000000092600000, 0x0000000092700000|  0%| F|  |TAMS 0x0000000092600000, 0x0000000092600000| Untracked 
| 295|0x0000000092700000, 0x0000000092700000, 0x0000000092800000|  0%| F|  |TAMS 0x0000000092700000, 0x0000000092700000| Untracked 
| 296|0x0000000092800000, 0x0000000092800000, 0x0000000092900000|  0%| F|  |TAMS 0x0000000092800000, 0x0000000092800000| Untracked 
| 297|0x0000000092900000, 0x0000000092900000, 0x0000000092a00000|  0%| F|  |TAMS 0x0000000092900000, 0x0000000092900000| Untracked 
| 298|0x0000000092a00000, 0x0000000092a00000, 0x0000000092b00000|  0%| F|  |TAMS 0x0000000092a00000, 0x0000000092a00000| Untracked 
| 299|0x0000000092b00000, 0x0000000092b00000, 0x0000000092c00000|  0%| F|  |TAMS 0x0000000092b00000, 0x0000000092b00000| Untracked 
| 300|0x0000000092c00000, 0x0000000092c00000, 0x0000000092d00000|  0%| F|  |TAMS 0x0000000092c00000, 0x0000000092c00000| Untracked 
| 301|0x0000000092d00000, 0x0000000092d00000, 0x0000000092e00000|  0%| F|  |TAMS 0x0000000092d00000, 0x0000000092d00000| Untracked 
| 302|0x0000000092e00000, 0x0000000092e00000, 0x0000000092f00000|  0%| F|  |TAMS 0x0000000092e00000, 0x0000000092e00000| Untracked 
| 303|0x0000000092f00000, 0x0000000092f00000, 0x0000000093000000|  0%| F|  |TAMS 0x0000000092f00000, 0x0000000092f00000| Untracked 
| 304|0x0000000093000000, 0x0000000093000000, 0x0000000093100000|  0%| F|  |TAMS 0x0000000093000000, 0x0000000093000000| Untracked 
| 305|0x0000000093100000, 0x0000000093100000, 0x0000000093200000|  0%| F|  |TAMS 0x0000000093100000, 0x0000000093100000| Untracked 
| 306|0x0000000093200000, 0x0000000093200000, 0x0000000093300000|  0%| F|  |TAMS 0x0000000093200000, 0x0000000093200000| Untracked 
| 307|0x0000000093300000, 0x0000000093300000, 0x0000000093400000|  0%| F|  |TAMS 0x0000000093300000, 0x0000000093300000| Untracked 
| 308|0x0000000093400000, 0x0000000093400000, 0x0000000093500000|  0%| F|  |TAMS 0x0000000093400000, 0x0000000093400000| Untracked 
| 309|0x0000000093500000, 0x0000000093500000, 0x0000000093600000|  0%| F|  |TAMS 0x0000000093500000, 0x0000000093500000| Untracked 
| 310|0x0000000093600000, 0x0000000093600000, 0x0000000093700000|  0%| F|  |TAMS 0x0000000093600000, 0x0000000093600000| Untracked 
| 311|0x0000000093700000, 0x0000000093700000, 0x0000000093800000|  0%| F|  |TAMS 0x0000000093700000, 0x0000000093700000| Untracked 
| 312|0x0000000093800000, 0x0000000093800000, 0x0000000093900000|  0%| F|  |TAMS 0x0000000093800000, 0x0000000093800000| Untracked 
| 313|0x0000000093900000, 0x0000000093900000, 0x0000000093a00000|  0%| F|  |TAMS 0x0000000093900000, 0x0000000093900000| Untracked 
| 314|0x0000000093a00000, 0x0000000093a00000, 0x0000000093b00000|  0%| F|  |TAMS 0x0000000093a00000, 0x0000000093a00000| Untracked 
| 315|0x0000000093b00000, 0x0000000093b00000, 0x0000000093c00000|  0%| F|  |TAMS 0x0000000093b00000, 0x0000000093b00000| Untracked 
| 316|0x0000000093c00000, 0x0000000093c00000, 0x0000000093d00000|  0%| F|  |TAMS 0x0000000093c00000, 0x0000000093c00000| Untracked 
| 317|0x0000000093d00000, 0x0000000093d00000, 0x0000000093e00000|  0%| F|  |TAMS 0x0000000093d00000, 0x0000000093d00000| Untracked 
| 318|0x0000000093e00000, 0x0000000093e00000, 0x0000000093f00000|  0%| F|  |TAMS 0x0000000093e00000, 0x0000000093e00000| Untracked 
| 319|0x0000000093f00000, 0x0000000093f00000, 0x0000000094000000|  0%| F|  |TAMS 0x0000000093f00000, 0x0000000093f00000| Untracked 
| 320|0x0000000094000000, 0x0000000094000000, 0x0000000094100000|  0%| F|  |TAMS 0x0000000094000000, 0x0000000094000000| Untracked 
| 321|0x0000000094100000, 0x0000000094100000, 0x0000000094200000|  0%| F|  |TAMS 0x0000000094100000, 0x0000000094100000| Untracked 
| 322|0x0000000094200000, 0x0000000094200000, 0x0000000094300000|  0%| F|  |TAMS 0x0000000094200000, 0x0000000094200000| Untracked 
| 323|0x0000000094300000, 0x0000000094300000, 0x0000000094400000|  0%| F|  |TAMS 0x0000000094300000, 0x0000000094300000| Untracked 
| 324|0x0000000094400000, 0x0000000094400000, 0x0000000094500000|  0%| F|  |TAMS 0x0000000094400000, 0x0000000094400000| Untracked 
| 325|0x0000000094500000, 0x0000000094500000, 0x0000000094600000|  0%| F|  |TAMS 0x0000000094500000, 0x0000000094500000| Untracked 
| 326|0x0000000094600000, 0x0000000094600000, 0x0000000094700000|  0%| F|  |TAMS 0x0000000094600000, 0x0000000094600000| Untracked 
| 327|0x0000000094700000, 0x0000000094700000, 0x0000000094800000|  0%| F|  |TAMS 0x0000000094700000, 0x0000000094700000| Untracked 
| 328|0x0000000094800000, 0x0000000094800000, 0x0000000094900000|  0%| F|  |TAMS 0x0000000094800000, 0x0000000094800000| Untracked 
| 329|0x0000000094900000, 0x0000000094900000, 0x0000000094a00000|  0%| F|  |TAMS 0x0000000094900000, 0x0000000094900000| Untracked 
| 330|0x0000000094a00000, 0x0000000094a00000, 0x0000000094b00000|  0%| F|  |TAMS 0x0000000094a00000, 0x0000000094a00000| Untracked 
| 331|0x0000000094b00000, 0x0000000094b00000, 0x0000000094c00000|  0%| F|  |TAMS 0x0000000094b00000, 0x0000000094b00000| Untracked 
| 332|0x0000000094c00000, 0x0000000094c00000, 0x0000000094d00000|  0%| F|  |TAMS 0x0000000094c00000, 0x0000000094c00000| Untracked 
| 333|0x0000000094d00000, 0x0000000094d00000, 0x0000000094e00000|  0%| F|  |TAMS 0x0000000094d00000, 0x0000000094d00000| Untracked 
| 334|0x0000000094e00000, 0x0000000094e00000, 0x0000000094f00000|  0%| F|  |TAMS 0x0000000094e00000, 0x0000000094e00000| Untracked 
| 335|0x0000000094f00000, 0x0000000094f00000, 0x0000000095000000|  0%| F|  |TAMS 0x0000000094f00000, 0x0000000094f00000| Untracked 
| 336|0x0000000095000000, 0x0000000095000000, 0x0000000095100000|  0%| F|  |TAMS 0x0000000095000000, 0x0000000095000000| Untracked 
| 337|0x0000000095100000, 0x0000000095100000, 0x0000000095200000|  0%| F|  |TAMS 0x0000000095100000, 0x0000000095100000| Untracked 
| 338|0x0000000095200000, 0x0000000095200000, 0x0000000095300000|  0%| F|  |TAMS 0x0000000095200000, 0x0000000095200000| Untracked 
| 339|0x0000000095300000, 0x0000000095300000, 0x0000000095400000|  0%| F|  |TAMS 0x0000000095300000, 0x0000000095300000| Untracked 
| 340|0x0000000095400000, 0x0000000095400000, 0x0000000095500000|  0%| F|  |TAMS 0x0000000095400000, 0x0000000095400000| Untracked 
| 341|0x0000000095500000, 0x0000000095500000, 0x0000000095600000|  0%| F|  |TAMS 0x0000000095500000, 0x0000000095500000| Untracked 
| 342|0x0000000095600000, 0x0000000095600000, 0x0000000095700000|  0%| F|  |TAMS 0x0000000095600000, 0x0000000095600000| Untracked 
| 343|0x0000000095700000, 0x0000000095700000, 0x0000000095800000|  0%| F|  |TAMS 0x0000000095700000, 0x0000000095700000| Untracked 
| 344|0x0000000095800000, 0x0000000095800000, 0x0000000095900000|  0%| F|  |TAMS 0x0000000095800000, 0x0000000095800000| Untracked 
| 345|0x0000000095900000, 0x0000000095900000, 0x0000000095a00000|  0%| F|  |TAMS 0x0000000095900000, 0x0000000095900000| Untracked 
| 346|0x0000000095a00000, 0x0000000095a00000, 0x0000000095b00000|  0%| F|  |TAMS 0x0000000095a00000, 0x0000000095a00000| Untracked 
| 347|0x0000000095b00000, 0x0000000095b00000, 0x0000000095c00000|  0%| F|  |TAMS 0x0000000095b00000, 0x0000000095b00000| Untracked 
| 348|0x0000000095c00000, 0x0000000095c00000, 0x0000000095d00000|  0%| F|  |TAMS 0x0000000095c00000, 0x0000000095c00000| Untracked 
| 349|0x0000000095d00000, 0x0000000095d00000, 0x0000000095e00000|  0%| F|  |TAMS 0x0000000095d00000, 0x0000000095d00000| Untracked 
| 350|0x0000000095e00000, 0x0000000095e00000, 0x0000000095f00000|  0%| F|  |TAMS 0x0000000095e00000, 0x0000000095e00000| Untracked 
| 351|0x0000000095f00000, 0x0000000095f00000, 0x0000000096000000|  0%| F|  |TAMS 0x0000000095f00000, 0x0000000095f00000| Untracked 
| 352|0x0000000096000000, 0x0000000096000000, 0x0000000096100000|  0%| F|  |TAMS 0x0000000096000000, 0x0000000096000000| Untracked 
| 353|0x0000000096100000, 0x0000000096100000, 0x0000000096200000|  0%| F|  |TAMS 0x0000000096100000, 0x0000000096100000| Untracked 
| 354|0x0000000096200000, 0x0000000096200000, 0x0000000096300000|  0%| F|  |TAMS 0x0000000096200000, 0x0000000096200000| Untracked 
| 355|0x0000000096300000, 0x0000000096300000, 0x0000000096400000|  0%| F|  |TAMS 0x0000000096300000, 0x0000000096300000| Untracked 
| 356|0x0000000096400000, 0x0000000096400000, 0x0000000096500000|  0%| F|  |TAMS 0x0000000096400000, 0x0000000096400000| Untracked 
| 357|0x0000000096500000, 0x0000000096500000, 0x0000000096600000|  0%| F|  |TAMS 0x0000000096500000, 0x0000000096500000| Untracked 
| 358|0x0000000096600000, 0x0000000096600000, 0x0000000096700000|  0%| F|  |TAMS 0x0000000096600000, 0x0000000096600000| Untracked 
| 359|0x0000000096700000, 0x0000000096700000, 0x0000000096800000|  0%| F|  |TAMS 0x0000000096700000, 0x0000000096700000| Untracked 
| 360|0x0000000096800000, 0x0000000096800000, 0x0000000096900000|  0%| F|  |TAMS 0x0000000096800000, 0x0000000096800000| Untracked 
| 361|0x0000000096900000, 0x0000000096900000, 0x0000000096a00000|  0%| F|  |TAMS 0x0000000096900000, 0x0000000096900000| Untracked 
| 362|0x0000000096a00000, 0x0000000096a00000, 0x0000000096b00000|  0%| F|  |TAMS 0x0000000096a00000, 0x0000000096a00000| Untracked 
| 363|0x0000000096b00000, 0x0000000096b00000, 0x0000000096c00000|  0%| F|  |TAMS 0x0000000096b00000, 0x0000000096b00000| Untracked 
| 364|0x0000000096c00000, 0x0000000096c00000, 0x0000000096d00000|  0%| F|  |TAMS 0x0000000096c00000, 0x0000000096c00000| Untracked 
| 365|0x0000000096d00000, 0x0000000096d00000, 0x0000000096e00000|  0%| F|  |TAMS 0x0000000096d00000, 0x0000000096d00000| Untracked 
| 366|0x0000000096e00000, 0x0000000096e00000, 0x0000000096f00000|  0%| F|  |TAMS 0x0000000096e00000, 0x0000000096e00000| Untracked 
| 367|0x0000000096f00000, 0x0000000096f00000, 0x0000000097000000|  0%| F|  |TAMS 0x0000000096f00000, 0x0000000096f00000| Untracked 
| 368|0x0000000097000000, 0x0000000097000000, 0x0000000097100000|  0%| F|  |TAMS 0x0000000097000000, 0x0000000097000000| Untracked 
| 369|0x0000000097100000, 0x0000000097100000, 0x0000000097200000|  0%| F|  |TAMS 0x0000000097100000, 0x0000000097100000| Untracked 
| 370|0x0000000097200000, 0x0000000097200000, 0x0000000097300000|  0%| F|  |TAMS 0x0000000097200000, 0x0000000097200000| Untracked 
| 371|0x0000000097300000, 0x0000000097300000, 0x0000000097400000|  0%| F|  |TAMS 0x0000000097300000, 0x0000000097300000| Untracked 
| 372|0x0000000097400000, 0x0000000097400000, 0x0000000097500000|  0%| F|  |TAMS 0x0000000097400000, 0x0000000097400000| Untracked 
| 373|0x0000000097500000, 0x0000000097500000, 0x0000000097600000|  0%| F|  |TAMS 0x0000000097500000, 0x0000000097500000| Untracked 
| 374|0x0000000097600000, 0x0000000097600000, 0x0000000097700000|  0%| F|  |TAMS 0x0000000097600000, 0x0000000097600000| Untracked 
| 375|0x0000000097700000, 0x0000000097700000, 0x0000000097800000|  0%| F|  |TAMS 0x0000000097700000, 0x0000000097700000| Untracked 
| 376|0x0000000097800000, 0x0000000097800000, 0x0000000097900000|  0%| F|  |TAMS 0x0000000097800000, 0x0000000097800000| Untracked 
| 377|0x0000000097900000, 0x0000000097900000, 0x0000000097a00000|  0%| F|  |TAMS 0x0000000097900000, 0x0000000097900000| Untracked 
| 378|0x0000000097a00000, 0x0000000097a00000, 0x0000000097b00000|  0%| F|  |TAMS 0x0000000097a00000, 0x0000000097a00000| Untracked 
| 379|0x0000000097b00000, 0x0000000097b00000, 0x0000000097c00000|  0%| F|  |TAMS 0x0000000097b00000, 0x0000000097b00000| Untracked 
| 380|0x0000000097c00000, 0x0000000097c00000, 0x0000000097d00000|  0%| F|  |TAMS 0x0000000097c00000, 0x0000000097c00000| Untracked 
| 381|0x0000000097d00000, 0x0000000097d00000, 0x0000000097e00000|  0%| F|  |TAMS 0x0000000097d00000, 0x0000000097d00000| Untracked 
| 382|0x0000000097e00000, 0x0000000097e00000, 0x0000000097f00000|  0%| F|  |TAMS 0x0000000097e00000, 0x0000000097e00000| Untracked 
| 383|0x0000000097f00000, 0x0000000097f00000, 0x0000000098000000|  0%| F|  |TAMS 0x0000000097f00000, 0x0000000097f00000| Untracked 
| 384|0x0000000098000000, 0x0000000098000000, 0x0000000098100000|  0%| F|  |TAMS 0x0000000098000000, 0x0000000098000000| Untracked 
| 385|0x0000000098100000, 0x0000000098100000, 0x0000000098200000|  0%| F|  |TAMS 0x0000000098100000, 0x0000000098100000| Untracked 
| 386|0x0000000098200000, 0x0000000098200000, 0x0000000098300000|  0%| F|  |TAMS 0x0000000098200000, 0x0000000098200000| Untracked 
| 387|0x0000000098300000, 0x0000000098300000, 0x0000000098400000|  0%| F|  |TAMS 0x0000000098300000, 0x0000000098300000| Untracked 
| 388|0x0000000098400000, 0x0000000098400000, 0x0000000098500000|  0%| F|  |TAMS 0x0000000098400000, 0x0000000098400000| Untracked 
| 389|0x0000000098500000, 0x0000000098500000, 0x0000000098600000|  0%| F|  |TAMS 0x0000000098500000, 0x0000000098500000| Untracked 
| 390|0x0000000098600000, 0x0000000098700000, 0x0000000098700000|100%| E|  |TAMS 0x0000000098600000, 0x0000000098600000| Complete 
| 391|0x0000000098700000, 0x0000000098800000, 0x0000000098800000|100%| E|CS|TAMS 0x0000000098700000, 0x0000000098700000| Complete 
| 392|0x0000000098800000, 0x0000000098900000, 0x0000000098900000|100%| E|CS|TAMS 0x0000000098800000, 0x0000000098800000| Complete 
| 393|0x0000000098900000, 0x0000000098a00000, 0x0000000098a00000|100%| E|CS|TAMS 0x0000000098900000, 0x0000000098900000| Complete 
| 394|0x0000000098a00000, 0x0000000098b00000, 0x0000000098b00000|100%| E|CS|TAMS 0x0000000098a00000, 0x0000000098a00000| Complete 
| 395|0x0000000098b00000, 0x0000000098c00000, 0x0000000098c00000|100%| E|CS|TAMS 0x0000000098b00000, 0x0000000098b00000| Complete 
| 396|0x0000000098c00000, 0x0000000098d00000, 0x0000000098d00000|100%| E|CS|TAMS 0x0000000098c00000, 0x0000000098c00000| Complete 
| 397|0x0000000098d00000, 0x0000000098e00000, 0x0000000098e00000|100%| E|CS|TAMS 0x0000000098d00000, 0x0000000098d00000| Complete 
| 398|0x0000000098e00000, 0x0000000098f00000, 0x0000000098f00000|100%| E|CS|TAMS 0x0000000098e00000, 0x0000000098e00000| Complete 
| 399|0x0000000098f00000, 0x0000000099000000, 0x0000000099000000|100%| E|CS|TAMS 0x0000000098f00000, 0x0000000098f00000| Complete 
| 400|0x0000000099000000, 0x0000000099100000, 0x0000000099100000|100%| E|CS|TAMS 0x0000000099000000, 0x0000000099000000| Complete 
| 401|0x0000000099100000, 0x0000000099200000, 0x0000000099200000|100%| E|CS|TAMS 0x0000000099100000, 0x0000000099100000| Complete 
| 402|0x0000000099200000, 0x0000000099300000, 0x0000000099300000|100%| E|CS|TAMS 0x0000000099200000, 0x0000000099200000| Complete 
| 403|0x0000000099300000, 0x0000000099400000, 0x0000000099400000|100%| E|CS|TAMS 0x0000000099300000, 0x0000000099300000| Complete 
| 404|0x0000000099400000, 0x0000000099500000, 0x0000000099500000|100%| E|CS|TAMS 0x0000000099400000, 0x0000000099400000| Complete 

Card table byte_map: [0x0000019efb730000,0x0000019efbb30000] _byte_map_base: 0x0000019efb330000

Marking Bits (Prev, Next): (CMBitMap*) 0x0000019ef787c2d8, (CMBitMap*) 0x0000019ef787c310
 Prev Bits: [0x0000019efbf30000, 0x0000019efdf30000)
 Next Bits: [0x0000019efdf30000, 0x0000019efff30000)

Polling page: 0x0000019ef56e0000

Metaspace:

Usage:
  Non-class:     90.58 MB capacity,    89.13 MB ( 98%) used,     1.14 MB (  1%) free+waste,   309.63 KB ( <1%) overhead. 
      Class:     14.00 MB capacity,    13.08 MB ( 93%) used,   802.08 KB (  6%) free+waste,   138.81 KB ( <1%) overhead. 
       Both:    104.58 MB capacity,   102.22 MB ( 98%) used,     1.93 MB (  2%) free+waste,   448.44 KB ( <1%) overhead. 

Virtual space:
  Non-class space:       92.00 MB reserved,      90.75 MB ( 99%) committed 
      Class space:        1.00 GB reserved,      14.07 MB (  1%) committed 
             Both:        1.09 GB reserved,     104.82 MB (  9%) committed 

Chunk freelists:
   Non-Class:  0 bytes
       Class:  0 bytes
        Both:  0 bytes

MaxMetaspaceSize: 17179869184.00 GB
CompressedClassSpaceSize: 1.00 GB

CodeHeap 'non-profiled nmethods': size=120064Kb used=8199Kb max_used=8199Kb free=111864Kb
 bounds [0x0000019e87ac0000, 0x0000019e882d0000, 0x0000019e8f000000]
CodeHeap 'profiled nmethods': size=120000Kb used=33968Kb max_used=33968Kb free=86031Kb
 bounds [0x0000019e80590000, 0x0000019e826c0000, 0x0000019e87ac0000]
CodeHeap 'non-nmethods': size=5696Kb used=2312Kb max_used=2379Kb free=3383Kb
 bounds [0x0000019e80000000, 0x0000019e80270000, 0x0000019e80590000]
 total_blobs=15398 nmethods=14475 adapters=832
 compilation: enabled
              stopped_count=0, restarted_count=0
 full_count=0

Compilation events (20 events):
Event: 51.712 Thread 0x0000019e91515000 14739       3       com.android.tools.r8.internal.g9::a (81 bytes)
Event: 51.713 Thread 0x0000019e91515000 nmethod 14739 0x0000019e826af110 code [0x0000019e826af3a0, 0x0000019e826b0138]
Event: 51.717 Thread 0x0000019e91515000 14740       2       com.android.tools.r8.graph.G$e::hashCode (11 bytes)
Event: 51.718 Thread 0x0000019e91515000 nmethod 14740 0x0000019e826b0590 code [0x0000019e826b0740, 0x0000019e826b0838]
Event: 51.719 Thread 0x0000019e91515000 14741       2       com.android.tools.r8.graph.j0$d::<init> (84 bytes)
Event: 51.719 Thread 0x0000019e91515000 nmethod 14741 0x0000019e826b0910 code [0x0000019e826b0ac0, 0x0000019e826b0cd8]
Event: 51.720 Thread 0x0000019e91515000 14742       2       com.android.tools.r8.graph.j0$m::a (49 bytes)
Event: 51.721 Thread 0x0000019e91515000 nmethod 14742 0x0000019e826b0d90 code [0x0000019e826b0fa0, 0x0000019e826b13e8]
Event: 51.728 Thread 0x0000019e91515000 14743       1       com.android.tools.r8.internal.Ni::A (5 bytes)
Event: 51.728 Thread 0x0000019e91515000 nmethod 14743 0x0000019e882c1a10 code [0x0000019e882c1bc0, 0x0000019e882c1c78]
Event: 51.732 Thread 0x0000019e91515000 14745       2       com.android.tools.r8.internal.H6::a (60 bytes)
Event: 51.732 Thread 0x0000019e91515000 nmethod 14745 0x0000019e826b1690 code [0x0000019e826b1840, 0x0000019e826b1968]
Event: 51.736 Thread 0x0000019e91515000 14746       2       com.android.tools.r8.internal.L6::<init> (15 bytes)
Event: 51.736 Thread 0x0000019e91515000 nmethod 14746 0x0000019e826b1a10 code [0x0000019e826b1bc0, 0x0000019e826b1d58]
Event: 51.742 Thread 0x0000019e91515000 14747       3       com.android.tools.r8.internal.QG::a (183 bytes)
Event: 51.744 Thread 0x0000019e91515000 nmethod 14747 0x0000019e826b1e10 code [0x0000019e826b2180, 0x0000019e826b3ab8]
Event: 51.744 Thread 0x0000019e91515000 14748 %     3       com.android.tools.r8.internal.b5::<init> @ 48 (144 bytes)
Event: 51.745 Thread 0x0000019e91515000 nmethod 14748% 0x0000019e826b4190 code [0x0000019e826b43e0, 0x0000019e826b4ef8]
Event: 52.189 Thread 0x0000019e91515000 14750       2       com.android.tools.r8.internal.Me$e::equals (85 bytes)
Event: 52.195 Thread 0x0000019e91515000 nmethod 14750 0x0000019e826b5310 code [0x0000019e826b5520, 0x0000019e826b5868]

GC Heap History (20 events):
Event: 40.230 GC heap before
{Heap before GC invocations=36 (full 0):
 garbage-first heap   total 189440K, used 150770K [0x0000000080000000, 0x0000000100000000)
  region size 1024K, 31 young (31744K), 2 survivors (2048K)
 Metaspace       used 98130K, capacity 100325K, committed 100428K, reserved 1136640K
  class space    used 12539K, capacity 13341K, committed 13388K, reserved 1048576K
}
Event: 40.245 GC heap after
{Heap after GC invocations=37 (full 0):
 garbage-first heap   total 189440K, used 127792K [0x0000000080000000, 0x0000000100000000)
  region size 1024K, 4 young (4096K), 4 survivors (4096K)
 Metaspace       used 98130K, capacity 100325K, committed 100428K, reserved 1136640K
  class space    used 12539K, capacity 13341K, committed 13388K, reserved 1048576K
}
Event: 40.612 GC heap before
{Heap before GC invocations=37 (full 0):
 garbage-first heap   total 189440K, used 154416K [0x0000000080000000, 0x0000000100000000)
  region size 1024K, 30 young (30720K), 4 survivors (4096K)
 Metaspace       used 98744K, capacity 100980K, committed 101068K, reserved 1136640K
  class space    used 12626K, capacity 13479K, committed 13516K, reserved 1048576K
}
Event: 40.633 GC heap after
{Heap after GC invocations=38 (full 0):
 garbage-first heap   total 227328K, used 132394K [0x0000000080000000, 0x0000000100000000)
  region size 1024K, 4 young (4096K), 4 survivors (4096K)
 Metaspace       used 98744K, capacity 100980K, committed 101068K, reserved 1136640K
  class space    used 12626K, capacity 13479K, committed 13516K, reserved 1048576K
}
Event: 41.428 GC heap before
{Heap before GC invocations=39 (full 0):
 garbage-first heap   total 227328K, used 174378K [0x0000000080000000, 0x0000000100000000)
  region size 1024K, 45 young (46080K), 4 survivors (4096K)
 Metaspace       used 98918K, capacity 101130K, committed 101324K, reserved 1136640K
  class space    used 12651K, capacity 13484K, committed 13516K, reserved 1048576K
}
Event: 41.452 GC heap after
{Heap after GC invocations=40 (full 0):
 garbage-first heap   total 227328K, used 140042K [0x0000000080000000, 0x0000000100000000)
  region size 1024K, 6 young (6144K), 6 survivors (6144K)
 Metaspace       used 98918K, capacity 101130K, committed 101324K, reserved 1136640K
  class space    used 12651K, capacity 13484K, committed 13516K, reserved 1048576K
}
Event: 41.615 GC heap before
{Heap before GC invocations=40 (full 0):
 garbage-first heap   total 227328K, used 179978K [0x0000000080000000, 0x0000000100000000)
  region size 1024K, 45 young (46080K), 6 survivors (6144K)
 Metaspace       used 99119K, capacity 101415K, committed 101708K, reserved 1136640K
  class space    used 12693K, capacity 13558K, committed 13644K, reserved 1048576K
}
Event: 41.640 GC heap after
{Heap after GC invocations=41 (full 0):
 garbage-first heap   total 227328K, used 147396K [0x0000000080000000, 0x0000000100000000)
  region size 1024K, 6 young (6144K), 6 survivors (6144K)
 Metaspace       used 99119K, capacity 101415K, committed 101708K, reserved 1136640K
  class space    used 12693K, capacity 13558K, committed 13644K, reserved 1048576K
}
Event: 42.689 GC heap before
{Heap before GC invocations=41 (full 0):
 garbage-first heap   total 227328K, used 184260K [0x0000000080000000, 0x0000000100000000)
  region size 1024K, 42 young (43008K), 6 survivors (6144K)
 Metaspace       used 102392K, capacity 104793K, committed 105036K, reserved 1140736K
  class space    used 13231K, capacity 14146K, committed 14156K, reserved 1048576K
}
Event: 42.711 GC heap after
{Heap after GC invocations=42 (full 0):
 garbage-first heap   total 227328K, used 152066K [0x0000000080000000, 0x0000000100000000)
  region size 1024K, 4 young (4096K), 4 survivors (4096K)
 Metaspace       used 102392K, capacity 104793K, committed 105036K, reserved 1140736K
  class space    used 13231K, capacity 14146K, committed 14156K, reserved 1048576K
}
Event: 43.591 GC heap before
{Heap before GC invocations=42 (full 0):
 garbage-first heap   total 227328K, used 186882K [0x0000000080000000, 0x0000000100000000)
  region size 1024K, 38 young (38912K), 4 survivors (4096K)
 Metaspace       used 103262K, capacity 105677K, committed 105932K, reserved 1140736K
  class space    used 13302K, capacity 14221K, committed 14284K, reserved 1048576K
}
Event: 43.611 GC heap after
{Heap after GC invocations=43 (full 0):
 garbage-first heap   total 345088K, used 153388K [0x0000000080000000, 0x0000000100000000)
  region size 1024K, 2 young (2048K), 2 survivors (2048K)
 Metaspace       used 103262K, capacity 105677K, committed 105932K, reserved 1140736K
  class space    used 13302K, capacity 14221K, committed 14284K, reserved 1048576K
}
Event: 47.202 GC heap before
{Heap before GC invocations=43 (full 0):
 garbage-first heap   total 345088K, used 229164K [0x0000000080000000, 0x0000000100000000)
  region size 1024K, 76 young (77824K), 2 survivors (2048K)
 Metaspace       used 104041K, capacity 106430K, committed 106700K, reserved 1142784K
  class space    used 13324K, capacity 14227K, committed 14284K, reserved 1048576K
}
Event: 47.242 GC heap after
{Heap after GC invocations=44 (full 0):
 garbage-first heap   total 345088K, used 156046K [0x0000000080000000, 0x0000000100000000)
  region size 1024K, 5 young (5120K), 5 survivors (5120K)
 Metaspace       used 104041K, capacity 106430K, committed 106700K, reserved 1142784K
  class space    used 13324K, capacity 14227K, committed 14284K, reserved 1048576K
}
Event: 50.192 GC heap before
{Heap before GC invocations=44 (full 0):
 garbage-first heap   total 345088K, used 236942K [0x0000000080000000, 0x0000000100000000)
  region size 1024K, 84 young (86016K), 5 survivors (5120K)
 Metaspace       used 104270K, capacity 106685K, committed 106956K, reserved 1142784K
  class space    used 13348K, capacity 14267K, committed 14284K, reserved 1048576K
}
Event: 50.223 GC heap after
{Heap after GC invocations=45 (full 0):
 garbage-first heap   total 345088K, used 156847K [0x0000000080000000, 0x0000000100000000)
  region size 1024K, 6 young (6144K), 6 survivors (6144K)
 Metaspace       used 104270K, capacity 106685K, committed 106956K, reserved 1142784K
  class space    used 13348K, capacity 14267K, committed 14284K, reserved 1048576K
}
Event: 50.833 GC heap before
{Heap before GC invocations=45 (full 0):
 garbage-first heap   total 345088K, used 254127K [0x0000000080000000, 0x0000000100000000)
  region size 1024K, 101 young (103424K), 6 survivors (6144K)
 Metaspace       used 104308K, capacity 106752K, committed 106956K, reserved 1142784K
  class space    used 13348K, capacity 14267K, committed 14284K, reserved 1048576K
}
Event: 50.868 GC heap after
{Heap after GC invocations=46 (full 0):
 garbage-first heap   total 345088K, used 159164K [0x0000000080000000, 0x0000000100000000)
  region size 1024K, 8 young (8192K), 8 survivors (8192K)
 Metaspace       used 104308K, capacity 106752K, committed 106956K, reserved 1142784K
  class space    used 13348K, capacity 14267K, committed 14284K, reserved 1048576K
}
Event: 51.777 GC heap before
{Heap before GC invocations=46 (full 0):
 garbage-first heap   total 345088K, used 264636K [0x0000000080000000, 0x0000000100000000)
  region size 1024K, 111 young (113664K), 8 survivors (8192K)
 Metaspace       used 104569K, capacity 107018K, committed 107340K, reserved 1142784K
  class space    used 13380K, capacity 14292K, committed 14412K, reserved 1048576K
}
Event: 51.984 GC heap after
{Heap after GC invocations=47 (full 0):
 garbage-first heap   total 414720K, used 161293K [0x0000000080000000, 0x0000000100000000)
  region size 1024K, 9 young (9216K), 9 survivors (9216K)
 Metaspace       used 104569K, capacity 107018K, committed 107340K, reserved 1142784K
  class space    used 13380K, capacity 14292K, committed 14412K, reserved 1048576K
}

Deoptimization events (20 events):
Event: 48.953 Thread 0x0000019e95587000 DEOPT PACKING pc=0x0000019e8205976b sp=0x0000004c044f9600
Event: 48.956 Thread 0x0000019e95587000 DEOPT UNPACKING pc=0x0000019e800276ce sp=0x0000004c044f8bb8 mode 0
Event: 49.020 Thread 0x0000019e9557e000 Uncommon trap: trap_request=0xffffff4d fr.pc=0x0000019e8828464c relative=0x000000000000554c
Event: 49.020 Thread 0x0000019e9557e000 Uncommon trap: reason=unstable_if action=reinterpret pc=0x0000019e8828464c method=com.android.tools.r8.internal.Nv.a(Lcom/android/tools/r8/internal/Me;Ljava/util/Set;)Z @ 190 c2
Event: 49.020 Thread 0x0000019e9557e000 DEOPT PACKING pc=0x0000019e8828464c sp=0x0000004c043f9390
Event: 49.020 Thread 0x0000019e9557e000 DEOPT UNPACKING pc=0x0000019e800278af sp=0x0000004c043f93d0 mode 2
Event: 49.076 Thread 0x0000019e95585800 Uncommon trap: trap_request=0xfffffff4 fr.pc=0x0000019e8827abec relative=0x0000000000000eec
Event: 49.076 Thread 0x0000019e95585800 Uncommon trap: reason=null_check action=make_not_entrant pc=0x0000019e8827abec method=com.android.tools.r8.internal.D1.a(Lcom/android/tools/r8/internal/Bt;)Lcom/android/tools/r8/internal/nA; @ 8 c2
Event: 49.076 Thread 0x0000019e95585800 DEOPT PACKING pc=0x0000019e8827abec sp=0x0000004c045f8ce0
Event: 49.076 Thread 0x0000019e95585800 DEOPT UNPACKING pc=0x0000019e800278af sp=0x0000004c045f8c38 mode 2
Event: 51.494 Thread 0x0000019e95585800 Uncommon trap: trap_request=0xffffff4d fr.pc=0x0000019e882adcbc relative=0x000000000000699c
Event: 51.494 Thread 0x0000019e95585800 Uncommon trap: reason=unstable_if action=reinterpret pc=0x0000019e882adcbc method=com.android.tools.r8.internal.X4.a(Lcom/android/tools/r8/internal/Me;IZ)V @ 151 c2
Event: 51.494 Thread 0x0000019e95585800 DEOPT PACKING pc=0x0000019e882adcbc sp=0x0000004c045f9260
Event: 51.495 Thread 0x0000019e95585800 DEOPT UNPACKING pc=0x0000019e800278af sp=0x0000004c045f9280 mode 2
Event: 51.525 Thread 0x0000019e95583800 Uncommon trap: trap_request=0xffffff4d fr.pc=0x0000019e8829f1c4 relative=0x0000000000000164
Event: 51.525 Thread 0x0000019e95583800 Uncommon trap: reason=unstable_if action=reinterpret pc=0x0000019e8829f1c4 method=com.android.tools.r8.ir.regalloc.b.compareTo(Ljava/lang/Object;)I @ 52 c2
Event: 51.525 Thread 0x0000019e95583800 DEOPT PACKING pc=0x0000019e8829f1c4 sp=0x0000004c042f8940
Event: 51.525 Thread 0x0000019e95583800 DEOPT UNPACKING pc=0x0000019e800278af sp=0x0000004c042f88d8 mode 2
Event: 51.714 Thread 0x0000019e9557e000 DEOPT PACKING pc=0x0000019e8251596a sp=0x0000004c043f9200
Event: 51.714 Thread 0x0000019e9557e000 DEOPT UNPACKING pc=0x0000019e800276ce sp=0x0000004c043f8700 mode 0

Classes redefined (0 events):
No events

Internal exceptions (20 events):
Event: 39.358 Thread 0x0000019e95583800 Exception <a 'java/lang/NoSuchMethodError'{0x00000000895a2998}: 'java.lang.Object java.lang.invoke.DirectMethodHandle$Holder.newInvokeSpecial(java.lang.Object, int)'> (0x00000000895a2998) thrown at [./src/hotspot/share/interpreter/linkResolver.cpp, line 773]
Event: 39.361 Thread 0x0000019e95587000 Exception <a 'java/lang/IncompatibleClassChangeError'{0x0000000089404fa8}: Found class java.lang.Object, but interface was expected> (0x0000000089404fa8) thrown at [./src/hotspot/share/interpreter/linkResolver.cpp, line 839]
Event: 39.362 Thread 0x0000019e95587000 Exception <a 'java/lang/IncompatibleClassChangeError'{0x000000008940f1e0}: Found class java.lang.Object, but interface was expected> (0x000000008940f1e0) thrown at [./src/hotspot/share/interpreter/linkResolver.cpp, line 839]
Event: 39.491 Thread 0x0000019e95587000 Exception <a 'java/lang/NoSuchMethodError'{0x000000008b2f7808}: 'void java.lang.invoke.DirectMethodHandle$Holder.invokeStatic(java.lang.Object, java.lang.Object, java.lang.Object, int)'> (0x000000008b2f7808) thrown at [./src/hotspot/share/interpreter/linkResolver.cpp, line 773]
Event: 39.497 Thread 0x0000019e9557e000 Exception <a 'java/lang/NoSuchMethodError'{0x000000008b284868}: 'void java.lang.invoke.DirectMethodHandle$Holder.invokeStatic(java.lang.Object, java.lang.Object, java.lang.Object, int)'> (0x000000008b284868) thrown at [./src/hotspot/share/interpreter/linkResolver.cpp, line 773]
Event: 39.499 Thread 0x0000019e9557e000 Exception <a 'java/lang/IncompatibleClassChangeError'{0x000000008b28e8d8}: Found class java.lang.Object, but interface was expected> (0x000000008b28e8d8) thrown at [./src/hotspot/share/interpreter/linkResolver.cpp, line 839]
Event: 39.499 Thread 0x0000019e95587000 Exception <a 'java/lang/IncompatibleClassChangeError'{0x000000008b1216c8}: Found class java.lang.Object, but interface was expected> (0x000000008b1216c8) thrown at [./src/hotspot/share/interpreter/linkResolver.cpp, line 839]
Event: 39.579 Thread 0x0000019e95587000 Exception <a 'java/lang/NoSuchMethodError'{0x000000008b1354c0}: 'int java.lang.invoke.DirectMethodHandle$Holder.invokeVirtual(java.lang.Object, java.lang.Object, java.lang.Object)'> (0x000000008b1354c0) thrown at [./src/hotspot/share/interpreter/linkResolver.cpp, line 773]
Event: 40.424 Thread 0x0000019e95583800 Exception <a 'java/lang/NoSuchMethodError'{0x000000008a944528}: 'java.lang.Object java.lang.invoke.DirectMethodHandle$Holder.invokeStatic(java.lang.Object, int, java.lang.Object, java.lang.Object)'> (0x000000008a944528) thrown at [./src/hotspot/share/interpreter/linkResolver.cpp, line 773]
Event: 40.541 Thread 0x0000019e95583800 Exception <a 'java/lang/NoSuchMethodError'{0x000000008a262368}: 'java.lang.Object java.lang.invoke.Invokers$Holder.linkToTargetMethod(java.lang.Object, java.lang.Object, java.lang.Object, java.lang.Object, java.lang.Object, java.lang.Object, java.lang.Object, java.lang.Object)'> (0x000000008a262368) thrown at [./src/hotspot/share/interpreter/linkResolver.cpp, line 773]
Event: 41.067 Thread 0x0000019e95583800 Exception <a 'java/lang/NoSuchMethodError'{0x000000008bf22318}: 'java.lang.Object java.lang.invoke.Invokers$Holder.linkToTargetMethod(java.lang.Object, java.lang.Object, java.lang.Object, java.lang.Object, java.lang.Object, java.lang.Object, java.lang.Object)'> (0x000000008bf22318) thrown at [./src/hotspot/share/interpreter/linkResolver.cpp, line 773]
Event: 41.417 Thread 0x0000019e95583800 Exception <a 'java/lang/NoSuchMethodError'{0x000000008b7d5b50}: 'int java.lang.invoke.DirectMethodHandle$Holder.invokeSpecial(java.lang.Object, java.lang.Object, java.lang.Object, java.lang.Object, java.lang.Object)'> (0x000000008b7d5b50) thrown at [./src/hotspot/share/interpreter/linkResolver.cpp, line 773]
Event: 41.724 Thread 0x0000019e95583800 Exception <a 'java/lang/NoSuchMethodError'{0x000000008d792210}: 'java.lang.Object java.lang.invoke.DirectMethodHandle$Holder.invokeVirtual(java.lang.Object, java.lang.Object, int, java.lang.Object)'> (0x000000008d792210) thrown at [./src/hotspot/share/interpreter/linkResolver.cpp, line 773]
Event: 41.725 Thread 0x0000019e95585800 Exception <a 'java/lang/NoSuchMethodError'{0x000000008d8d47b0}: 'java.lang.Object java.lang.invoke.DirectMethodHandle$Holder.invokeVirtual(java.lang.Object, java.lang.Object, int, java.lang.Object)'> (0x000000008d8d47b0) thrown at [./src/hotspot/share/interpreter/linkResolver.cpp, line 773]
Event: 41.776 Thread 0x0000019e95587000 Exception <a 'java/lang/NoSuchMethodError'{0x000000008d6e41c0}: 'void java.lang.invoke.DirectMethodHandle$Holder.invokeVirtual(java.lang.Object, java.lang.Object, int, java.lang.Object)'> (0x000000008d6e41c0) thrown at [./src/hotspot/share/interpreter/linkResolver.cpp, line 773]
Event: 41.946 Thread 0x0000019e95583800 Exception <a 'java/lang/NoSuchMethodError'{0x000000008d10ae70}: 'int java.lang.invoke.DirectMethodHandle$Holder.invokeSpecial(java.lang.Object, java.lang.Object, java.lang.Object, int, java.lang.Object)'> (0x000000008d10ae70) thrown at [./src/hotspot/share/interpreter/linkResolver.cpp, line 773]
Event: 42.441 Thread 0x0000019e95587000 Exception <a 'java/lang/NoSuchMethodError'{0x000000008c3fac60}: 'java.lang.Object java.lang.invoke.DirectMethodHandle$Holder.invokeInterface(java.lang.Object, java.lang.Object, int)'> (0x000000008c3fac60) thrown at [./src/hotspot/share/interpreter/linkResolver.cpp, line 773]
Event: 42.712 Thread 0x0000019e95587000 Implicit null exception at 0x0000019e87cc59c0 to 0x0000019e87cc6c6c
Event: 44.968 Thread 0x0000019e95587000 Exception <a 'java/lang/NoSuchMethodError'{0x00000000932beb78}: 'int java.lang.invoke.DirectMethodHandle$Holder.invokeInterface(java.lang.Object, java.lang.Object, int)'> (0x00000000932beb78) thrown at [./src/hotspot/share/interpreter/linkResolver.cpp, line 773]
Event: 49.076 Thread 0x0000019e95585800 Implicit null exception at 0x0000019e8827a5c8 to 0x0000019e8827abdc

Events (20 events):
Event: 51.747 loading class com/android/tools/r8/internal/ys
Event: 51.747 loading class com/android/tools/r8/internal/ys done
Event: 51.748 loading class com/android/tools/r8/internal/xs
Event: 51.748 loading class com/android/tools/r8/internal/xs done
Event: 51.749 loading class com/android/tools/r8/internal/y2
Event: 51.749 loading class com/android/tools/r8/internal/y2 done
Event: 51.749 loading class com/android/tools/r8/internal/w2
Event: 51.749 loading class com/android/tools/r8/internal/w2 done
Event: 51.776 Executing VM operation: G1CollectForAllocation
Event: 51.984 Executing VM operation: G1CollectForAllocation done
Event: 52.259 loading class com/android/tools/r8/internal/A2
Event: 52.259 loading class com/android/tools/r8/internal/A2 done
Event: 52.266 loading class com/android/tools/r8/internal/Ei
Event: 52.266 loading class com/android/tools/r8/internal/Ei done
Event: 52.267 loading class com/android/tools/r8/internal/Gi
Event: 52.267 loading class com/android/tools/r8/internal/Gi done
Event: 52.290 loading class com/android/tools/r8/graph/Z
Event: 52.290 loading class com/android/tools/r8/graph/Z done
Event: 52.290 loading class com/android/tools/r8/internal/Fi
Event: 52.290 loading class com/android/tools/r8/internal/Fi done


Dynamic libraries:
0x00007ff7b8040000 - 0x00007ff7b804a000 	C:\Program Files\Android\Android Studio\jre\bin\java.exe
0x00007ff926eb0000 - 0x00007ff9270a5000 	C:\Windows\SYSTEM32\ntdll.dll
0x00007ff925940000 - 0x00007ff9259fe000 	C:\Windows\System32\KERNEL32.DLL
0x00007ff924770000 - 0x00007ff924a39000 	C:\Windows\System32\KERNELBASE.dll
0x00007ff924af0000 - 0x00007ff924bf0000 	C:\Windows\System32\ucrtbase.dll
0x00007ff914930000 - 0x00007ff914949000 	C:\Program Files\Android\Android Studio\jre\bin\jli.dll
0x00007ff90e5c0000 - 0x00007ff90e5d7000 	C:\Program Files\Android\Android Studio\jre\bin\VCRUNTIME140.dll
0x00007ff9260a0000 - 0x00007ff926241000 	C:\Windows\System32\USER32.dll
0x00007ff924cf0000 - 0x00007ff924d12000 	C:\Windows\System32\win32u.dll
0x00007ff912220000 - 0x00007ff9124ba000 	C:\Windows\WinSxS\amd64_microsoft.windows.common-controls_6595b64144ccf1df_6.0.19041.1110_none_60b5254171f9507e\COMCTL32.dll
0x00007ff9263a0000 - 0x00007ff9263cb000 	C:\Windows\System32\GDI32.dll
0x00007ff925f80000 - 0x00007ff92601e000 	C:\Windows\System32\msvcrt.dll
0x00007ff9245d0000 - 0x00007ff9246db000 	C:\Windows\System32\gdi32full.dll
0x00007ff924bf0000 - 0x00007ff924c8d000 	C:\Windows\System32\msvcp_win.dll
0x00007ff925ed0000 - 0x00007ff925f00000 	C:\Windows\System32\IMM32.DLL
0x00007ff8fa760000 - 0x00007ff8fa7fd000 	C:\Program Files\Android\Android Studio\jre\bin\msvcp140.dll
0x00007ff8e3670000 - 0x00007ff8e413f000 	C:\Program Files\Android\Android Studio\jre\bin\server\jvm.dll
0x00007ff9256d0000 - 0x00007ff92577c000 	C:\Windows\System32\ADVAPI32.dll
0x00007ff9250e0000 - 0x00007ff92517b000 	C:\Windows\System32\sechost.dll
0x00007ff925c90000 - 0x00007ff925dba000 	C:\Windows\System32\RPCRT4.dll
0x00007ff925930000 - 0x00007ff925938000 	C:\Windows\System32\PSAPI.DLL
0x00007ff911340000 - 0x00007ff911349000 	C:\Windows\SYSTEM32\WSOCK32.dll
0x00007ff925e60000 - 0x00007ff925ecb000 	C:\Windows\System32\WS2_32.dll
0x00007ff904060000 - 0x00007ff904087000 	C:\Windows\SYSTEM32\WINMM.dll
0x00007ff91da50000 - 0x00007ff91da5a000 	C:\Windows\SYSTEM32\VERSION.dll
0x00007ff922e80000 - 0x00007ff922e92000 	C:\Windows\SYSTEM32\kernel.appcore.dll
0x00007ff914e90000 - 0x00007ff914ea1000 	C:\Program Files\Android\Android Studio\jre\bin\verify.dll
0x00007ff9223c0000 - 0x00007ff9225a4000 	C:\Windows\SYSTEM32\DBGHELP.DLL
0x00007ff90a0e0000 - 0x00007ff90a10c000 	C:\Windows\SYSTEM32\dbgcore.DLL
0x00007ff9246e0000 - 0x00007ff924763000 	C:\Windows\System32\bcryptPrimitives.dll
0x00007ff90e510000 - 0x00007ff90e539000 	C:\Program Files\Android\Android Studio\jre\bin\java.dll
0x00007ff921a60000 - 0x00007ff921a6b000 	C:\Program Files\Android\Android Studio\jre\bin\jimage.dll
0x00007ff914740000 - 0x00007ff914758000 	C:\Program Files\Android\Android Studio\jre\bin\zip.dll
0x00007ff9263d0000 - 0x00007ff926b0f000 	C:\Windows\System32\SHELL32.dll
0x00007ff9225b0000 - 0x00007ff922d40000 	C:\Windows\SYSTEM32\windows.storage.dll
0x00007ff926b10000 - 0x00007ff926e65000 	C:\Windows\System32\combase.dll
0x00007ff923f50000 - 0x00007ff923f7c000 	C:\Windows\SYSTEM32\Wldp.dll
0x00007ff925030000 - 0x00007ff9250dd000 	C:\Windows\System32\SHCORE.dll
0x00007ff925c30000 - 0x00007ff925c85000 	C:\Windows\System32\shlwapi.dll
0x00007ff924510000 - 0x00007ff92452f000 	C:\Windows\SYSTEM32\profapi.dll
0x00007ff914650000 - 0x00007ff91466a000 	C:\Program Files\Android\Android Studio\jre\bin\net.dll
0x00007ff9127a0000 - 0x00007ff9128a8000 	C:\Windows\SYSTEM32\WINHTTP.dll
0x00007ff923cb0000 - 0x00007ff923d1a000 	C:\Windows\system32\mswsock.dll
0x00007ff913f50000 - 0x00007ff913f64000 	C:\Program Files\Android\Android Studio\jre\bin\nio.dll
0x00007ff91de20000 - 0x00007ff91de47000 	C:\Users\usuario\.gradle\native\8bec1ad78214c89d9ad589b4d07fe93259594b29d510b10fafb7a158f7737e5d\windows-amd64\native-platform.dll
0x00007ff8fe730000 - 0x00007ff8fe86d000 	C:\Users\usuario\.gradle\native\53dbd7edfb1c66fb8903c78663c9afc45aea4f116125fa6feffd364cf09443e8\windows-amd64\native-platform-file-events.dll
0x00007ff915560000 - 0x00007ff91556a000 	C:\Program Files\Android\Android Studio\jre\bin\management.dll
0x00007ff915230000 - 0x00007ff91523c000 	C:\Program Files\Android\Android Studio\jre\bin\management_ext.dll
0x00007ff923ea0000 - 0x00007ff923eb8000 	C:\Windows\SYSTEM32\CRYPTSP.dll
0x00007ff923630000 - 0x00007ff923664000 	C:\Windows\system32\rsaenh.dll
0x00007ff924e80000 - 0x00007ff924ea7000 	C:\Windows\System32\bcrypt.dll
0x00007ff924490000 - 0x00007ff9244be000 	C:\Windows\SYSTEM32\USERENV.dll
0x00007ff923ec0000 - 0x00007ff923ecc000 	C:\Windows\SYSTEM32\CRYPTBASE.dll
0x00007ff9239a0000 - 0x00007ff9239db000 	C:\Windows\SYSTEM32\IPHLPAPI.DLL
0x00007ff926330000 - 0x00007ff926338000 	C:\Windows\System32\NSI.dll
0x00007ff91b000000 - 0x00007ff91b017000 	C:\Windows\SYSTEM32\dhcpcsvc6.DLL
0x00007ff91a0a0000 - 0x00007ff91a0bd000 	C:\Windows\SYSTEM32\dhcpcsvc.DLL
0x00007ff9239e0000 - 0x00007ff923aac000 	C:\Windows\SYSTEM32\DNSAPI.dll

dbghelp: loaded successfully - version: 4.0.5 - missing functions: none
symbol engine: initialized successfully - sym options: 0x614 - pdb path: .;C:\Program Files\Android\Android Studio\jre\bin;C:\Windows\SYSTEM32;C:\Windows\WinSxS\amd64_microsoft.windows.common-controls_6595b64144ccf1df_6.0.19041.1110_none_60b5254171f9507e;C:\Program Files\Android\Android Studio\jre\bin\server;C:\Users\usuario\.gradle\native\8bec1ad78214c89d9ad589b4d07fe93259594b29d510b10fafb7a158f7737e5d\windows-amd64;C:\Users\usuario\.gradle\native\53dbd7edfb1c66fb8903c78663c9afc45aea4f116125fa6feffd364cf09443e8\windows-amd64

VM Arguments:
jvm_args: --add-opens=java.base/java.util=ALL-UNNAMED --add-opens=java.base/java.lang=ALL-UNNAMED --add-opens=java.base/java.lang.invoke=ALL-UNNAMED --add-opens=java.base/java.util=ALL-UNNAMED --add-opens=java.prefs/java.util.prefs=ALL-UNNAMED --add-opens=java.prefs/java.util.prefs=ALL-UNNAMED --add-opens=java.base/java.nio.charset=ALL-UNNAMED --add-opens=java.base/java.net=ALL-UNNAMED --add-opens=java.base/java.util.concurrent.atomic=ALL-UNNAMED -Xmx2048m -Dfile.encoding=UTF-8 -Duser.country=BR -Duser.language=pt -Duser.variant 
java_command: org.gradle.launcher.daemon.bootstrap.GradleDaemon 7.0.2
java_class_path (initial): C:\Users\usuario\.gradle\wrapper\dists\gradle-7.0.2-bin\857tjihv64xamwrf0h14cai3r\gradle-7.0.2\lib\gradle-launcher-7.0.2.jar
Launcher Type: SUN_STANDARD

[Global flags]
     intx CICompilerCount                          = 3                                         {product} {ergonomic}
     uint ConcGCThreads                            = 1                                         {product} {ergonomic}
     uint G1ConcRefinementThreads                  = 4                                         {product} {ergonomic}
   size_t G1HeapRegionSize                         = 1048576                                   {product} {ergonomic}
    uintx GCDrainStackTargetSize                   = 64                                        {product} {ergonomic}
   size_t InitialHeapSize                          = 134217728                                 {product} {ergonomic}
   size_t MarkStackSize                            = 4194304                                   {product} {ergonomic}
   size_t MaxHeapSize                              = 2147483648                                {product} {command line}
   size_t MaxNewSize                               = 1287651328                                {product} {ergonomic}
   size_t MinHeapDeltaBytes                        = 1048576                                   {product} {ergonomic}
    uintx NonNMethodCodeHeapSize                   = 5830732                                {pd product} {ergonomic}
    uintx NonProfiledCodeHeapSize                  = 122913754                              {pd product} {ergonomic}
    uintx ProfiledCodeHeapSize                     = 122913754                              {pd product} {ergonomic}
    uintx ReservedCodeCacheSize                    = 251658240                              {pd product} {ergonomic}
     bool SegmentedCodeCache                       = true                                      {product} {ergonomic}
     bool UseCompressedClassPointers               = true                                 {lp64_product} {ergonomic}
     bool UseCompressedOops                        = true                                 {lp64_product} {ergonomic}
     bool UseG1GC                                  = true                                      {product} {ergonomic}
     bool UseLargePagesIndividualAllocation        = false                                  {pd product} {ergonomic}

Logging:
Log output configuration:
 #0: stdout all=warning uptime,level,tags
 #1: stderr all=off uptime,level,tags

Environment Variables:
JAVA_HOME=C\Program Files\Java\jdk1.7.0_45
PATH=C:\Program Files\Common Files\Oracle\Java\javapath;C:\Windows\system32;C:\Windows;C:\Windows\System32\Wbem;C:\Windows\System32\WindowsPowerShell\v1.0\;C:\Windows\System32\OpenSSH\;C:\Program Files (x86)\Intel\Intel(R) Management Engine Components\DAL;C:\Program Files\Intel\Intel(R) Management Engine Components\DAL;C:\ProgramData\UNIVALI\Portugol Studio;C:\Program Files\Git\cmd;C\Program Files\Java\jdk1.7.0_45\bin;C:\Users\usuario\AppData\Local\Microsoft\WindowsApps;;C:\Users\usuario\AppData\Local\Programs\Microsoft VS Code\bin
USERNAME=usuario
OS=Windows_NT
PROCESSOR_IDENTIFIER=Intel64 Family 6 Model 78 Stepping 3, GenuineIntel



---------------  S Y S T E M  ---------------

OS: Windows 10 , 64 bit Build 19041 (10.0.19041.1202)
OS uptime: 21 days 23:29 hours

CPU:total 4 (initial active 4) (2 cores per cpu, 2 threads per core) family 6 model 78 stepping 3 microcode 0xd6, cmov, cx8, fxsr, mmx, sse, sse2, sse3, ssse3, sse4.1, sse4.2, popcnt, avx, avx2, aes, clmul, erms, 3dnowpref, lzcnt, ht, tsc, tscinvbit, bmi1, bmi2, adx, fma

Memory: 4k page, system-wide physical 8083M (290M free)
TotalPageFile size 12179M (AvailPageFile size 7M)
current process WorkingSet (physical memory assigned to process): 449M, peak: 528M
current process commit charge ("private bytes"): 789M, peak: 791M

vm_info: OpenJDK 64-Bit Server VM (11.0.10+0-b96-7249189) for windows-amd64 JRE (11.0.10+0-b96-7249189), built on Mar 31 2021 21:44:00 by "builder" with MS VC++ 14.0 (VS2015)

END.
